{"numFailedTestSuites":19,"numFailedTests":18,"numPassedTestSuites":36,"numPassedTests":36,"numPendingTestSuites":0,"numPendingTests":0,"numRuntimeErrorTestSuites":1,"numTodoTests":0,"numTotalTestSuites":55,"numTotalTests":54,"openHandles":[],"snapshot":{"added":0,"didUpdate":false,"failure":false,"filesAdded":0,"filesRemoved":0,"filesRemovedList":[],"filesUnmatched":0,"filesUpdated":0,"matched":36,"total":36,"unchecked":0,"uncheckedKeysByFile":[],"unmatched":0,"updated":0},"startTime":1743612047516,"success":false,"testResults":[{"assertionResults":[{"ancestorTitles":["Index Snapshot from haktan-test-generator"],"duration":279,"failureDetails":[{}],"failureMessages":["Error: Element type is invalid: expected a string (for built-in components) or a class/function (for composite components) but got: undefined. You likely forgot to export your component from the file it's defined in, or you might have mixed up default and named imports.\n\nCheck the render method of `AppendixList`.\n    at createFiberFromTypeAndProps (C:\\Projects\\TTMP\\tt-ui-ttmp\\node_modules\\react-dom\\cjs\\react-dom.development.js:25058:21)\n    at createFiberFromElement (C:\\Projects\\TTMP\\tt-ui-ttmp\\node_modules\\react-dom\\cjs\\react-dom.development.js:25086:15)\n    at reconcileSingleElement (C:\\Projects\\TTMP\\tt-ui-ttmp\\node_modules\\react-dom\\cjs\\react-dom.development.js:14052:23)\n    at reconcileChildFibers (C:\\Projects\\TTMP\\tt-ui-ttmp\\node_modules\\react-dom\\cjs\\react-dom.development.js:14112:35)\n    at reconcileChildren (C:\\Projects\\TTMP\\tt-ui-ttmp\\node_modules\\react-dom\\cjs\\react-dom.development.js:16990:28)\n    at mountIndeterminateComponent (C:\\Projects\\TTMP\\tt-ui-ttmp\\node_modules\\react-dom\\cjs\\react-dom.development.js:17890:5)\n    at beginWork (C:\\Projects\\TTMP\\tt-ui-ttmp\\node_modules\\react-dom\\cjs\\react-dom.development.js:19049:16)\n    at HTMLUnknownElement.callCallback (C:\\Projects\\TTMP\\tt-ui-ttmp\\node_modules\\react-dom\\cjs\\react-dom.development.js:3945:14)\n    at HTMLUnknownElement.callTheUserObjectsOperation (C:\\Projects\\TTMP\\tt-ui-ttmp\\node_modules\\jsdom\\lib\\jsdom\\living\\generated\\EventListener.js:26:30)\n    at innerInvokeEventListeners (C:\\Projects\\TTMP\\tt-ui-ttmp\\node_modules\\jsdom\\lib\\jsdom\\living\\events\\EventTarget-impl.js:350:25)\n    at invokeEventListeners (C:\\Projects\\TTMP\\tt-ui-ttmp\\node_modules\\jsdom\\lib\\jsdom\\living\\events\\EventTarget-impl.js:286:3)\n    at HTMLUnknownElementImpl._dispatch (C:\\Projects\\TTMP\\tt-ui-ttmp\\node_modules\\jsdom\\lib\\jsdom\\living\\events\\EventTarget-impl.js:233:9)\n    at HTMLUnknownElementImpl.dispatchEvent (C:\\Projects\\TTMP\\tt-ui-ttmp\\node_modules\\jsdom\\lib\\jsdom\\living\\events\\EventTarget-impl.js:104:17)\n    at HTMLUnknownElement.dispatchEvent (C:\\Projects\\TTMP\\tt-ui-ttmp\\node_modules\\jsdom\\lib\\jsdom\\living\\generated\\EventTarget.js:241:34)\n    at Object.invokeGuardedCallbackDev (C:\\Projects\\TTMP\\tt-ui-ttmp\\node_modules\\react-dom\\cjs\\react-dom.development.js:3994:16)\n    at invokeGuardedCallback (C:\\Projects\\TTMP\\tt-ui-ttmp\\node_modules\\react-dom\\cjs\\react-dom.development.js:4056:31)\n    at beginWork$1 (C:\\Projects\\TTMP\\tt-ui-ttmp\\node_modules\\react-dom\\cjs\\react-dom.development.js:23964:7)\n    at performUnitOfWork (C:\\Projects\\TTMP\\tt-ui-ttmp\\node_modules\\react-dom\\cjs\\react-dom.development.js:22779:12)\n    at workLoopSync (C:\\Projects\\TTMP\\tt-ui-ttmp\\node_modules\\react-dom\\cjs\\react-dom.development.js:22707:5)\n    at renderRootSync (C:\\Projects\\TTMP\\tt-ui-ttmp\\node_modules\\react-dom\\cjs\\react-dom.development.js:22670:7)\n    at performSyncWorkOnRoot (C:\\Projects\\TTMP\\tt-ui-ttmp\\node_modules\\react-dom\\cjs\\react-dom.development.js:22293:18)\n    at scheduleUpdateOnFiber (C:\\Projects\\TTMP\\tt-ui-ttmp\\node_modules\\react-dom\\cjs\\react-dom.development.js:21881:7)\n    at updateContainer (C:\\Projects\\TTMP\\tt-ui-ttmp\\node_modules\\react-dom\\cjs\\react-dom.development.js:25482:3)\n    at C:\\Projects\\TTMP\\tt-ui-ttmp\\node_modules\\react-dom\\cjs\\react-dom.development.js:26021:7\n    at unbatchedUpdates (C:\\Projects\\TTMP\\tt-ui-ttmp\\node_modules\\react-dom\\cjs\\react-dom.development.js:22431:12)\n    at legacyRenderSubtreeIntoContainer (C:\\Projects\\TTMP\\tt-ui-ttmp\\node_modules\\react-dom\\cjs\\react-dom.development.js:26020:5)\n    at Object.render (C:\\Projects\\TTMP\\tt-ui-ttmp\\node_modules\\react-dom\\cjs\\react-dom.development.js:26103:10)\n    at C:\\Projects\\TTMP\\tt-ui-ttmp\\node_modules\\@testing-library\\react\\dist\\pure.js:101:25\n    at batchedUpdates$1 (C:\\Projects\\TTMP\\tt-ui-ttmp\\node_modules\\react-dom\\cjs\\react-dom.development.js:22380:12)\n    at act (C:\\Projects\\TTMP\\tt-ui-ttmp\\node_modules\\react-dom\\cjs\\react-dom-test-utils.development.js:1042:14)\n    at render (C:\\Projects\\TTMP\\tt-ui-ttmp\\node_modules\\@testing-library\\react\\dist\\pure.js:97:26)\n    at Object.<anonymous> (C:\\Projects\\TTMP\\tt-ui-ttmp\\src\\PartOfMps\\Appendix\\Index.test.tsx:146:34)\n    at Promise.then.completed (C:\\Projects\\TTMP\\tt-ui-ttmp\\node_modules\\jest-circus\\build\\utils.js:298:28)\n    at new Promise (<anonymous>)\n    at callAsyncCircusFn (C:\\Projects\\TTMP\\tt-ui-ttmp\\node_modules\\jest-circus\\build\\utils.js:231:10)\n    at _callCircusTest (C:\\Projects\\TTMP\\tt-ui-ttmp\\node_modules\\jest-circus\\build\\run.js:316:40)\n    at processTicksAndRejections (node:internal/process/task_queues:95:5)\n    at _runTest (C:\\Projects\\TTMP\\tt-ui-ttmp\\node_modules\\jest-circus\\build\\run.js:252:3)\n    at _runTestsForDescribeBlock (C:\\Projects\\TTMP\\tt-ui-ttmp\\node_modules\\jest-circus\\build\\run.js:126:9)\n    at _runTestsForDescribeBlock (C:\\Projects\\TTMP\\tt-ui-ttmp\\node_modules\\jest-circus\\build\\run.js:121:9)\n    at run (C:\\Projects\\TTMP\\tt-ui-ttmp\\node_modules\\jest-circus\\build\\run.js:71:3)\n    at runAndTransformResultsToJestFormat (C:\\Projects\\TTMP\\tt-ui-ttmp\\node_modules\\jest-circus\\build\\legacy-code-todo-rewrite\\jestAdapterInit.js:122:21)\n    at jestAdapter (C:\\Projects\\TTMP\\tt-ui-ttmp\\node_modules\\jest-circus\\build\\legacy-code-todo-rewrite\\jestAdapter.js:79:19)\n    at runTestInternal (C:\\Projects\\TTMP\\tt-ui-ttmp\\node_modules\\jest-runner\\build\\runTest.js:367:16)\n    at runTest (C:\\Projects\\TTMP\\tt-ui-ttmp\\node_modules\\jest-runner\\build\\runTest.js:444:34)\n    at Object.worker (C:\\Projects\\TTMP\\tt-ui-ttmp\\node_modules\\jest-runner\\build\\testWorker.js:106:12)"],"fullName":"Index Snapshot from haktan-test-generator should render correctly","invocations":1,"location":null,"numPassingAsserts":0,"retryReasons":[],"status":"failed","title":"should render correctly"}],"endTime":1743612056138,"message":"\u001b[1m\u001b[31m  \u001b[1m● \u001b[22m\u001b[1mIndex Snapshot from haktan-test-generator › should render correctly\u001b[39m\u001b[22m\n\n    Element type is invalid: expected a string (for built-in components) or a class/function (for composite components) but got: undefined. You likely forgot to export your component from the file it's defined in, or you might have mixed up default and named imports.\n\n    Check the render method of `AppendixList`.\n\u001b[2m\u001b[22m\n\u001b[2m    \u001b[0m \u001b[90m 144 |\u001b[39m   it(\u001b[32m\"should render correctly\"\u001b[39m\u001b[33m,\u001b[39m () \u001b[33m=>\u001b[39m {\u001b[22m\n\u001b[2m     \u001b[90m 145 |\u001b[39m\u001b[22m\n\u001b[2m    \u001b[31m\u001b[1m>\u001b[22m\u001b[2m\u001b[39m\u001b[90m 146 |\u001b[39m     \u001b[36mconst\u001b[39m { asFragment } \u001b[33m=\u001b[39m render(\u001b[22m\n\u001b[2m     \u001b[90m     |\u001b[39m                                  \u001b[31m\u001b[1m^\u001b[22m\u001b[2m\u001b[39m\u001b[22m\n\u001b[2m     \u001b[90m 147 |\u001b[39m \u001b[33m<\u001b[39m\u001b[33mThemeProvider\u001b[39m theme\u001b[33m=\u001b[39m{theme}\u001b[33m>\u001b[39m\u001b[22m\n\u001b[2m     \u001b[90m 148 |\u001b[39m \u001b[33m<\u001b[39m\u001b[33mAdminContext\u001b[39m dataProvider\u001b[33m=\u001b[39m{_dataProvider}\u001b[33m>\u001b[39m\u001b[22m\n\u001b[2m     \u001b[90m 149 |\u001b[39m \u001b[33m<\u001b[39m\u001b[33mIndex\u001b[39m \u001b[33m/\u001b[39m\u001b[33m>\u001b[39m\u001b[0m\u001b[22m\n\u001b[2m\u001b[22m\n\u001b[2m      \u001b[2mat createFiberFromTypeAndProps (\u001b[22m\u001b[2mnode_modules/react-dom/cjs/react-dom.development.js\u001b[2m:25058:21)\u001b[22m\u001b[2m\u001b[22m\n\u001b[2m      \u001b[2mat createFiberFromElement (\u001b[22m\u001b[2mnode_modules/react-dom/cjs/react-dom.development.js\u001b[2m:25086:15)\u001b[22m\u001b[2m\u001b[22m\n\u001b[2m      \u001b[2mat reconcileSingleElement (\u001b[22m\u001b[2mnode_modules/react-dom/cjs/react-dom.development.js\u001b[2m:14052:23)\u001b[22m\u001b[2m\u001b[22m\n\u001b[2m      \u001b[2mat reconcileChildFibers (\u001b[22m\u001b[2mnode_modules/react-dom/cjs/react-dom.development.js\u001b[2m:14112:35)\u001b[22m\u001b[2m\u001b[22m\n\u001b[2m      \u001b[2mat reconcileChildren (\u001b[22m\u001b[2mnode_modules/react-dom/cjs/react-dom.development.js\u001b[2m:16990:28)\u001b[22m\u001b[2m\u001b[22m\n\u001b[2m      \u001b[2mat mountIndeterminateComponent (\u001b[22m\u001b[2mnode_modules/react-dom/cjs/react-dom.development.js\u001b[2m:17890:5)\u001b[22m\u001b[2m\u001b[22m\n\u001b[2m      \u001b[2mat beginWork (\u001b[22m\u001b[2mnode_modules/react-dom/cjs/react-dom.development.js\u001b[2m:19049:16)\u001b[22m\u001b[2m\u001b[22m\n\u001b[2m      \u001b[2mat HTMLUnknownElement.callCallback (\u001b[22m\u001b[2mnode_modules/react-dom/cjs/react-dom.development.js\u001b[2m:3945:14)\u001b[22m\u001b[2m\u001b[22m\n\u001b[2m      \u001b[2mat HTMLUnknownElement.callTheUserObjectsOperation (\u001b[22m\u001b[2mnode_modules/jsdom/lib/jsdom/living/generated/EventListener.js\u001b[2m:26:30)\u001b[22m\u001b[2m\u001b[22m\n\u001b[2m      \u001b[2mat innerInvokeEventListeners (\u001b[22m\u001b[2mnode_modules/jsdom/lib/jsdom/living/events/EventTarget-impl.js\u001b[2m:350:25)\u001b[22m\u001b[2m\u001b[22m\n\u001b[2m      \u001b[2mat invokeEventListeners (\u001b[22m\u001b[2mnode_modules/jsdom/lib/jsdom/living/events/EventTarget-impl.js\u001b[2m:286:3)\u001b[22m\u001b[2m\u001b[22m\n\u001b[2m      \u001b[2mat HTMLUnknownElementImpl._dispatch (\u001b[22m\u001b[2mnode_modules/jsdom/lib/jsdom/living/events/EventTarget-impl.js\u001b[2m:233:9)\u001b[22m\u001b[2m\u001b[22m\n\u001b[2m      \u001b[2mat HTMLUnknownElementImpl.dispatchEvent (\u001b[22m\u001b[2mnode_modules/jsdom/lib/jsdom/living/events/EventTarget-impl.js\u001b[2m:104:17)\u001b[22m\u001b[2m\u001b[22m\n\u001b[2m      \u001b[2mat HTMLUnknownElement.dispatchEvent (\u001b[22m\u001b[2mnode_modules/jsdom/lib/jsdom/living/generated/EventTarget.js\u001b[2m:241:34)\u001b[22m\u001b[2m\u001b[22m\n\u001b[2m      \u001b[2mat Object.invokeGuardedCallbackDev (\u001b[22m\u001b[2mnode_modules/react-dom/cjs/react-dom.development.js\u001b[2m:3994:16)\u001b[22m\u001b[2m\u001b[22m\n\u001b[2m      \u001b[2mat invokeGuardedCallback (\u001b[22m\u001b[2mnode_modules/react-dom/cjs/react-dom.development.js\u001b[2m:4056:31)\u001b[22m\u001b[2m\u001b[22m\n\u001b[2m      \u001b[2mat beginWork$1 (\u001b[22m\u001b[2mnode_modules/react-dom/cjs/react-dom.development.js\u001b[2m:23964:7)\u001b[22m\u001b[2m\u001b[22m\n\u001b[2m      \u001b[2mat performUnitOfWork (\u001b[22m\u001b[2mnode_modules/react-dom/cjs/react-dom.development.js\u001b[2m:22779:12)\u001b[22m\u001b[2m\u001b[22m\n\u001b[2m      \u001b[2mat workLoopSync (\u001b[22m\u001b[2mnode_modules/react-dom/cjs/react-dom.development.js\u001b[2m:22707:5)\u001b[22m\u001b[2m\u001b[22m\n\u001b[2m      \u001b[2mat renderRootSync (\u001b[22m\u001b[2mnode_modules/react-dom/cjs/react-dom.development.js\u001b[2m:22670:7)\u001b[22m\u001b[2m\u001b[22m\n\u001b[2m      \u001b[2mat performSyncWorkOnRoot (\u001b[22m\u001b[2mnode_modules/react-dom/cjs/react-dom.development.js\u001b[2m:22293:18)\u001b[22m\u001b[2m\u001b[22m\n\u001b[2m      \u001b[2mat scheduleUpdateOnFiber (\u001b[22m\u001b[2mnode_modules/react-dom/cjs/react-dom.development.js\u001b[2m:21881:7)\u001b[22m\u001b[2m\u001b[22m\n\u001b[2m      \u001b[2mat updateContainer (\u001b[22m\u001b[2mnode_modules/react-dom/cjs/react-dom.development.js\u001b[2m:25482:3)\u001b[22m\u001b[2m\u001b[22m\n\u001b[2m      \u001b[2mat \u001b[22m\u001b[2mnode_modules/react-dom/cjs/react-dom.development.js\u001b[2m:26021:7\u001b[22m\u001b[2m\u001b[22m\n\u001b[2m      \u001b[2mat unbatchedUpdates (\u001b[22m\u001b[2mnode_modules/react-dom/cjs/react-dom.development.js\u001b[2m:22431:12)\u001b[22m\u001b[2m\u001b[22m\n\u001b[2m      \u001b[2mat legacyRenderSubtreeIntoContainer (\u001b[22m\u001b[2mnode_modules/react-dom/cjs/react-dom.development.js\u001b[2m:26020:5)\u001b[22m\u001b[2m\u001b[22m\n\u001b[2m      \u001b[2mat Object.render (\u001b[22m\u001b[2mnode_modules/react-dom/cjs/react-dom.development.js\u001b[2m:26103:10)\u001b[22m\u001b[2m\u001b[22m\n\u001b[2m      \u001b[2mat \u001b[22m\u001b[2mnode_modules/@testing-library/react/dist/pure.js\u001b[2m:101:25\u001b[22m\u001b[2m\u001b[22m\n\u001b[2m      \u001b[2mat batchedUpdates$1 (\u001b[22m\u001b[2mnode_modules/react-dom/cjs/react-dom.development.js\u001b[2m:22380:12)\u001b[22m\u001b[2m\u001b[22m\n\u001b[2m      \u001b[2mat act (\u001b[22m\u001b[2mnode_modules/react-dom/cjs/react-dom-test-utils.development.js\u001b[2m:1042:14)\u001b[22m\u001b[2m\u001b[22m\n\u001b[2m      \u001b[2mat render (\u001b[22m\u001b[2mnode_modules/@testing-library/react/dist/pure.js\u001b[2m:97:26)\u001b[22m\u001b[2m\u001b[22m\n\u001b[2m      \u001b[2mat Object.<anonymous> (\u001b[22m\u001b[2m\u001b[0m\u001b[36msrc/PartOfMps/Appendix/Index.test.tsx\u001b[39m\u001b[0m\u001b[2m:146:34)\u001b[22m\u001b[2m\u001b[22m\n","name":"C:\\Projects\\TTMP\\tt-ui-ttmp\\src\\PartOfMps\\Appendix\\Index.test.tsx","startTime":1743612049483,"status":"failed","summary":""},{"assertionResults":[{"ancestorTitles":["Index Snapshot from haktan-test-generator"],"duration":468,"failureDetails":[{}],"failureMessages":["Error: Element type is invalid: expected a string (for built-in components) or a class/function (for composite components) but got: undefined. You likely forgot to export your component from the file it's defined in, or you might have mixed up default and named imports.\n\nCheck the render method of `PageList`.\n    at createFiberFromTypeAndProps (C:\\Projects\\TTMP\\tt-ui-ttmp\\node_modules\\react-dom\\cjs\\react-dom.development.js:25058:21)\n    at createFiberFromElement (C:\\Projects\\TTMP\\tt-ui-ttmp\\node_modules\\react-dom\\cjs\\react-dom.development.js:25086:15)\n    at createChild (C:\\Projects\\TTMP\\tt-ui-ttmp\\node_modules\\react-dom\\cjs\\react-dom.development.js:13446:28)\n    at reconcileChildrenArray (C:\\Projects\\TTMP\\tt-ui-ttmp\\node_modules\\react-dom\\cjs\\react-dom.development.js:13719:25)\n    at reconcileChildFibers (C:\\Projects\\TTMP\\tt-ui-ttmp\\node_modules\\react-dom\\cjs\\react-dom.development.js:14125:14)\n    at reconcileChildren (C:\\Projects\\TTMP\\tt-ui-ttmp\\node_modules\\react-dom\\cjs\\react-dom.development.js:16990:28)\n    at updateHostComponent (C:\\Projects\\TTMP\\tt-ui-ttmp\\node_modules\\react-dom\\cjs\\react-dom.development.js:17632:3)\n    at beginWork (C:\\Projects\\TTMP\\tt-ui-ttmp\\node_modules\\react-dom\\cjs\\react-dom.development.js:19080:14)\n    at HTMLUnknownElement.callCallback (C:\\Projects\\TTMP\\tt-ui-ttmp\\node_modules\\react-dom\\cjs\\react-dom.development.js:3945:14)\n    at HTMLUnknownElement.callTheUserObjectsOperation (C:\\Projects\\TTMP\\tt-ui-ttmp\\node_modules\\jsdom\\lib\\jsdom\\living\\generated\\EventListener.js:26:30)\n    at innerInvokeEventListeners (C:\\Projects\\TTMP\\tt-ui-ttmp\\node_modules\\jsdom\\lib\\jsdom\\living\\events\\EventTarget-impl.js:350:25)\n    at invokeEventListeners (C:\\Projects\\TTMP\\tt-ui-ttmp\\node_modules\\jsdom\\lib\\jsdom\\living\\events\\EventTarget-impl.js:286:3)\n    at HTMLUnknownElementImpl._dispatch (C:\\Projects\\TTMP\\tt-ui-ttmp\\node_modules\\jsdom\\lib\\jsdom\\living\\events\\EventTarget-impl.js:233:9)\n    at HTMLUnknownElementImpl.dispatchEvent (C:\\Projects\\TTMP\\tt-ui-ttmp\\node_modules\\jsdom\\lib\\jsdom\\living\\events\\EventTarget-impl.js:104:17)\n    at HTMLUnknownElement.dispatchEvent (C:\\Projects\\TTMP\\tt-ui-ttmp\\node_modules\\jsdom\\lib\\jsdom\\living\\generated\\EventTarget.js:241:34)\n    at Object.invokeGuardedCallbackDev (C:\\Projects\\TTMP\\tt-ui-ttmp\\node_modules\\react-dom\\cjs\\react-dom.development.js:3994:16)\n    at invokeGuardedCallback (C:\\Projects\\TTMP\\tt-ui-ttmp\\node_modules\\react-dom\\cjs\\react-dom.development.js:4056:31)\n    at beginWork$1 (C:\\Projects\\TTMP\\tt-ui-ttmp\\node_modules\\react-dom\\cjs\\react-dom.development.js:23964:7)\n    at performUnitOfWork (C:\\Projects\\TTMP\\tt-ui-ttmp\\node_modules\\react-dom\\cjs\\react-dom.development.js:22779:12)\n    at workLoopSync (C:\\Projects\\TTMP\\tt-ui-ttmp\\node_modules\\react-dom\\cjs\\react-dom.development.js:22707:5)\n    at renderRootSync (C:\\Projects\\TTMP\\tt-ui-ttmp\\node_modules\\react-dom\\cjs\\react-dom.development.js:22670:7)\n    at performSyncWorkOnRoot (C:\\Projects\\TTMP\\tt-ui-ttmp\\node_modules\\react-dom\\cjs\\react-dom.development.js:22293:18)\n    at scheduleUpdateOnFiber (C:\\Projects\\TTMP\\tt-ui-ttmp\\node_modules\\react-dom\\cjs\\react-dom.development.js:21881:7)\n    at updateContainer (C:\\Projects\\TTMP\\tt-ui-ttmp\\node_modules\\react-dom\\cjs\\react-dom.development.js:25482:3)\n    at C:\\Projects\\TTMP\\tt-ui-ttmp\\node_modules\\react-dom\\cjs\\react-dom.development.js:26021:7\n    at unbatchedUpdates (C:\\Projects\\TTMP\\tt-ui-ttmp\\node_modules\\react-dom\\cjs\\react-dom.development.js:22431:12)\n    at legacyRenderSubtreeIntoContainer (C:\\Projects\\TTMP\\tt-ui-ttmp\\node_modules\\react-dom\\cjs\\react-dom.development.js:26020:5)\n    at Object.render (C:\\Projects\\TTMP\\tt-ui-ttmp\\node_modules\\react-dom\\cjs\\react-dom.development.js:26103:10)\n    at C:\\Projects\\TTMP\\tt-ui-ttmp\\node_modules\\@testing-library\\react\\dist\\pure.js:101:25\n    at batchedUpdates$1 (C:\\Projects\\TTMP\\tt-ui-ttmp\\node_modules\\react-dom\\cjs\\react-dom.development.js:22380:12)\n    at act (C:\\Projects\\TTMP\\tt-ui-ttmp\\node_modules\\react-dom\\cjs\\react-dom-test-utils.development.js:1042:14)\n    at render (C:\\Projects\\TTMP\\tt-ui-ttmp\\node_modules\\@testing-library\\react\\dist\\pure.js:97:26)\n    at Object.<anonymous> (C:\\Projects\\TTMP\\tt-ui-ttmp\\src\\PartOfMps\\CmpLlps\\index.test.tsx:116:34)\n    at Promise.then.completed (C:\\Projects\\TTMP\\tt-ui-ttmp\\node_modules\\jest-circus\\build\\utils.js:298:28)\n    at new Promise (<anonymous>)\n    at callAsyncCircusFn (C:\\Projects\\TTMP\\tt-ui-ttmp\\node_modules\\jest-circus\\build\\utils.js:231:10)\n    at _callCircusTest (C:\\Projects\\TTMP\\tt-ui-ttmp\\node_modules\\jest-circus\\build\\run.js:316:40)\n    at processTicksAndRejections (node:internal/process/task_queues:95:5)\n    at _runTest (C:\\Projects\\TTMP\\tt-ui-ttmp\\node_modules\\jest-circus\\build\\run.js:252:3)\n    at _runTestsForDescribeBlock (C:\\Projects\\TTMP\\tt-ui-ttmp\\node_modules\\jest-circus\\build\\run.js:126:9)\n    at _runTestsForDescribeBlock (C:\\Projects\\TTMP\\tt-ui-ttmp\\node_modules\\jest-circus\\build\\run.js:121:9)\n    at run (C:\\Projects\\TTMP\\tt-ui-ttmp\\node_modules\\jest-circus\\build\\run.js:71:3)\n    at runAndTransformResultsToJestFormat (C:\\Projects\\TTMP\\tt-ui-ttmp\\node_modules\\jest-circus\\build\\legacy-code-todo-rewrite\\jestAdapterInit.js:122:21)\n    at jestAdapter (C:\\Projects\\TTMP\\tt-ui-ttmp\\node_modules\\jest-circus\\build\\legacy-code-todo-rewrite\\jestAdapter.js:79:19)\n    at runTestInternal (C:\\Projects\\TTMP\\tt-ui-ttmp\\node_modules\\jest-runner\\build\\runTest.js:367:16)\n    at runTest (C:\\Projects\\TTMP\\tt-ui-ttmp\\node_modules\\jest-runner\\build\\runTest.js:444:34)\n    at Object.worker (C:\\Projects\\TTMP\\tt-ui-ttmp\\node_modules\\jest-runner\\build\\testWorker.js:106:12)"],"fullName":"Index Snapshot from haktan-test-generator should render correctly","invocations":1,"location":null,"numPassingAsserts":0,"retryReasons":[],"status":"failed","title":"should render correctly"}],"endTime":1743612056425,"message":"\u001b[1m\u001b[31m  \u001b[1m● \u001b[22m\u001b[1mIndex Snapshot from haktan-test-generator › should render correctly\u001b[39m\u001b[22m\n\n    Element type is invalid: expected a string (for built-in components) or a class/function (for composite components) but got: undefined. You likely forgot to export your component from the file it's defined in, or you might have mixed up default and named imports.\n\n    Check the render method of `PageList`.\n\u001b[2m\u001b[22m\n\u001b[2m    \u001b[0m \u001b[90m 114 |\u001b[39m   \u001b[36mconst\u001b[39m _dataProvider \u001b[33m=\u001b[39m useDataProvider()\u001b[33m;\u001b[39m\u001b[22m\n\u001b[2m     \u001b[90m 115 |\u001b[39m   it(\u001b[32m\"should render correctly\"\u001b[39m\u001b[33m,\u001b[39m () \u001b[33m=>\u001b[39m {\u001b[22m\n\u001b[2m    \u001b[31m\u001b[1m>\u001b[22m\u001b[2m\u001b[39m\u001b[90m 116 |\u001b[39m     \u001b[36mconst\u001b[39m { asFragment } \u001b[33m=\u001b[39m render(\u001b[22m\n\u001b[2m     \u001b[90m     |\u001b[39m                                  \u001b[31m\u001b[1m^\u001b[22m\u001b[2m\u001b[39m\u001b[22m\n\u001b[2m     \u001b[90m 117 |\u001b[39m       \u001b[33m<\u001b[39m\u001b[33mThemeProvider\u001b[39m theme\u001b[33m=\u001b[39m{theme}\u001b[33m>\u001b[39m\u001b[22m\n\u001b[2m     \u001b[90m 118 |\u001b[39m         \u001b[33m<\u001b[39m\u001b[33mAdminContext\u001b[39m dataProvider\u001b[33m=\u001b[39m{_dataProvider}\u001b[33m>\u001b[39m\u001b[22m\n\u001b[2m     \u001b[90m 119 |\u001b[39m           \u001b[33m<\u001b[39m\u001b[33mResourceContextProvider\u001b[39m value\u001b[33m=\u001b[39m\u001b[32m\"test\"\u001b[39m\u001b[33m>\u001b[39m\u001b[0m\u001b[22m\n\u001b[2m\u001b[22m\n\u001b[2m      \u001b[2mat createFiberFromTypeAndProps (\u001b[22m\u001b[2mnode_modules/react-dom/cjs/react-dom.development.js\u001b[2m:25058:21)\u001b[22m\u001b[2m\u001b[22m\n\u001b[2m      \u001b[2mat createFiberFromElement (\u001b[22m\u001b[2mnode_modules/react-dom/cjs/react-dom.development.js\u001b[2m:25086:15)\u001b[22m\u001b[2m\u001b[22m\n\u001b[2m      \u001b[2mat createChild (\u001b[22m\u001b[2mnode_modules/react-dom/cjs/react-dom.development.js\u001b[2m:13446:28)\u001b[22m\u001b[2m\u001b[22m\n\u001b[2m      \u001b[2mat reconcileChildrenArray (\u001b[22m\u001b[2mnode_modules/react-dom/cjs/react-dom.development.js\u001b[2m:13719:25)\u001b[22m\u001b[2m\u001b[22m\n\u001b[2m      \u001b[2mat reconcileChildFibers (\u001b[22m\u001b[2mnode_modules/react-dom/cjs/react-dom.development.js\u001b[2m:14125:14)\u001b[22m\u001b[2m\u001b[22m\n\u001b[2m      \u001b[2mat reconcileChildren (\u001b[22m\u001b[2mnode_modules/react-dom/cjs/react-dom.development.js\u001b[2m:16990:28)\u001b[22m\u001b[2m\u001b[22m\n\u001b[2m      \u001b[2mat updateHostComponent (\u001b[22m\u001b[2mnode_modules/react-dom/cjs/react-dom.development.js\u001b[2m:17632:3)\u001b[22m\u001b[2m\u001b[22m\n\u001b[2m      \u001b[2mat beginWork (\u001b[22m\u001b[2mnode_modules/react-dom/cjs/react-dom.development.js\u001b[2m:19080:14)\u001b[22m\u001b[2m\u001b[22m\n\u001b[2m      \u001b[2mat HTMLUnknownElement.callCallback (\u001b[22m\u001b[2mnode_modules/react-dom/cjs/react-dom.development.js\u001b[2m:3945:14)\u001b[22m\u001b[2m\u001b[22m\n\u001b[2m      \u001b[2mat HTMLUnknownElement.callTheUserObjectsOperation (\u001b[22m\u001b[2mnode_modules/jsdom/lib/jsdom/living/generated/EventListener.js\u001b[2m:26:30)\u001b[22m\u001b[2m\u001b[22m\n\u001b[2m      \u001b[2mat innerInvokeEventListeners (\u001b[22m\u001b[2mnode_modules/jsdom/lib/jsdom/living/events/EventTarget-impl.js\u001b[2m:350:25)\u001b[22m\u001b[2m\u001b[22m\n\u001b[2m      \u001b[2mat invokeEventListeners (\u001b[22m\u001b[2mnode_modules/jsdom/lib/jsdom/living/events/EventTarget-impl.js\u001b[2m:286:3)\u001b[22m\u001b[2m\u001b[22m\n\u001b[2m      \u001b[2mat HTMLUnknownElementImpl._dispatch (\u001b[22m\u001b[2mnode_modules/jsdom/lib/jsdom/living/events/EventTarget-impl.js\u001b[2m:233:9)\u001b[22m\u001b[2m\u001b[22m\n\u001b[2m      \u001b[2mat HTMLUnknownElementImpl.dispatchEvent (\u001b[22m\u001b[2mnode_modules/jsdom/lib/jsdom/living/events/EventTarget-impl.js\u001b[2m:104:17)\u001b[22m\u001b[2m\u001b[22m\n\u001b[2m      \u001b[2mat HTMLUnknownElement.dispatchEvent (\u001b[22m\u001b[2mnode_modules/jsdom/lib/jsdom/living/generated/EventTarget.js\u001b[2m:241:34)\u001b[22m\u001b[2m\u001b[22m\n\u001b[2m      \u001b[2mat Object.invokeGuardedCallbackDev (\u001b[22m\u001b[2mnode_modules/react-dom/cjs/react-dom.development.js\u001b[2m:3994:16)\u001b[22m\u001b[2m\u001b[22m\n\u001b[2m      \u001b[2mat invokeGuardedCallback (\u001b[22m\u001b[2mnode_modules/react-dom/cjs/react-dom.development.js\u001b[2m:4056:31)\u001b[22m\u001b[2m\u001b[22m\n\u001b[2m      \u001b[2mat beginWork$1 (\u001b[22m\u001b[2mnode_modules/react-dom/cjs/react-dom.development.js\u001b[2m:23964:7)\u001b[22m\u001b[2m\u001b[22m\n\u001b[2m      \u001b[2mat performUnitOfWork (\u001b[22m\u001b[2mnode_modules/react-dom/cjs/react-dom.development.js\u001b[2m:22779:12)\u001b[22m\u001b[2m\u001b[22m\n\u001b[2m      \u001b[2mat workLoopSync (\u001b[22m\u001b[2mnode_modules/react-dom/cjs/react-dom.development.js\u001b[2m:22707:5)\u001b[22m\u001b[2m\u001b[22m\n\u001b[2m      \u001b[2mat renderRootSync (\u001b[22m\u001b[2mnode_modules/react-dom/cjs/react-dom.development.js\u001b[2m:22670:7)\u001b[22m\u001b[2m\u001b[22m\n\u001b[2m      \u001b[2mat performSyncWorkOnRoot (\u001b[22m\u001b[2mnode_modules/react-dom/cjs/react-dom.development.js\u001b[2m:22293:18)\u001b[22m\u001b[2m\u001b[22m\n\u001b[2m      \u001b[2mat scheduleUpdateOnFiber (\u001b[22m\u001b[2mnode_modules/react-dom/cjs/react-dom.development.js\u001b[2m:21881:7)\u001b[22m\u001b[2m\u001b[22m\n\u001b[2m      \u001b[2mat updateContainer (\u001b[22m\u001b[2mnode_modules/react-dom/cjs/react-dom.development.js\u001b[2m:25482:3)\u001b[22m\u001b[2m\u001b[22m\n\u001b[2m      \u001b[2mat \u001b[22m\u001b[2mnode_modules/react-dom/cjs/react-dom.development.js\u001b[2m:26021:7\u001b[22m\u001b[2m\u001b[22m\n\u001b[2m      \u001b[2mat unbatchedUpdates (\u001b[22m\u001b[2mnode_modules/react-dom/cjs/react-dom.development.js\u001b[2m:22431:12)\u001b[22m\u001b[2m\u001b[22m\n\u001b[2m      \u001b[2mat legacyRenderSubtreeIntoContainer (\u001b[22m\u001b[2mnode_modules/react-dom/cjs/react-dom.development.js\u001b[2m:26020:5)\u001b[22m\u001b[2m\u001b[22m\n\u001b[2m      \u001b[2mat Object.render (\u001b[22m\u001b[2mnode_modules/react-dom/cjs/react-dom.development.js\u001b[2m:26103:10)\u001b[22m\u001b[2m\u001b[22m\n\u001b[2m      \u001b[2mat \u001b[22m\u001b[2mnode_modules/@testing-library/react/dist/pure.js\u001b[2m:101:25\u001b[22m\u001b[2m\u001b[22m\n\u001b[2m      \u001b[2mat batchedUpdates$1 (\u001b[22m\u001b[2mnode_modules/react-dom/cjs/react-dom.development.js\u001b[2m:22380:12)\u001b[22m\u001b[2m\u001b[22m\n\u001b[2m      \u001b[2mat act (\u001b[22m\u001b[2mnode_modules/react-dom/cjs/react-dom-test-utils.development.js\u001b[2m:1042:14)\u001b[22m\u001b[2m\u001b[22m\n\u001b[2m      \u001b[2mat render (\u001b[22m\u001b[2mnode_modules/@testing-library/react/dist/pure.js\u001b[2m:97:26)\u001b[22m\u001b[2m\u001b[22m\n\u001b[2m      \u001b[2mat Object.<anonymous> (\u001b[22m\u001b[2m\u001b[0m\u001b[36msrc/PartOfMps/CmpLlps/index.test.tsx\u001b[39m\u001b[0m\u001b[2m:116:34)\u001b[22m\u001b[2m\u001b[22m\n","name":"C:\\Projects\\TTMP\\tt-ui-ttmp\\src\\PartOfMps\\CmpLlps\\index.test.tsx","startTime":1743612049422,"status":"failed","summary":""},{"assertionResults":[{"ancestorTitles":["List Snapshot from haktan-test-generator"],"duration":569,"failureDetails":[{}],"failureMessages":["Error: Element type is invalid: expected a string (for built-in components) or a class/function (for composite components) but got: undefined. You likely forgot to export your component from the file it's defined in, or you might have mixed up default and named imports.\n\nCheck the render method of `PageList`.\n    at createFiberFromTypeAndProps (C:\\Projects\\TTMP\\tt-ui-ttmp\\node_modules\\react-dom\\cjs\\react-dom.development.js:25058:21)\n    at createFiberFromElement (C:\\Projects\\TTMP\\tt-ui-ttmp\\node_modules\\react-dom\\cjs\\react-dom.development.js:25086:15)\n    at createChild (C:\\Projects\\TTMP\\tt-ui-ttmp\\node_modules\\react-dom\\cjs\\react-dom.development.js:13446:28)\n    at reconcileChildrenArray (C:\\Projects\\TTMP\\tt-ui-ttmp\\node_modules\\react-dom\\cjs\\react-dom.development.js:13719:25)\n    at reconcileChildFibers (C:\\Projects\\TTMP\\tt-ui-ttmp\\node_modules\\react-dom\\cjs\\react-dom.development.js:14125:14)\n    at reconcileChildren (C:\\Projects\\TTMP\\tt-ui-ttmp\\node_modules\\react-dom\\cjs\\react-dom.development.js:16990:28)\n    at updateHostComponent (C:\\Projects\\TTMP\\tt-ui-ttmp\\node_modules\\react-dom\\cjs\\react-dom.development.js:17632:3)\n    at beginWork (C:\\Projects\\TTMP\\tt-ui-ttmp\\node_modules\\react-dom\\cjs\\react-dom.development.js:19080:14)\n    at HTMLUnknownElement.callCallback (C:\\Projects\\TTMP\\tt-ui-ttmp\\node_modules\\react-dom\\cjs\\react-dom.development.js:3945:14)\n    at HTMLUnknownElement.callTheUserObjectsOperation (C:\\Projects\\TTMP\\tt-ui-ttmp\\node_modules\\jsdom\\lib\\jsdom\\living\\generated\\EventListener.js:26:30)\n    at innerInvokeEventListeners (C:\\Projects\\TTMP\\tt-ui-ttmp\\node_modules\\jsdom\\lib\\jsdom\\living\\events\\EventTarget-impl.js:350:25)\n    at invokeEventListeners (C:\\Projects\\TTMP\\tt-ui-ttmp\\node_modules\\jsdom\\lib\\jsdom\\living\\events\\EventTarget-impl.js:286:3)\n    at HTMLUnknownElementImpl._dispatch (C:\\Projects\\TTMP\\tt-ui-ttmp\\node_modules\\jsdom\\lib\\jsdom\\living\\events\\EventTarget-impl.js:233:9)\n    at HTMLUnknownElementImpl.dispatchEvent (C:\\Projects\\TTMP\\tt-ui-ttmp\\node_modules\\jsdom\\lib\\jsdom\\living\\events\\EventTarget-impl.js:104:17)\n    at HTMLUnknownElement.dispatchEvent (C:\\Projects\\TTMP\\tt-ui-ttmp\\node_modules\\jsdom\\lib\\jsdom\\living\\generated\\EventTarget.js:241:34)\n    at Object.invokeGuardedCallbackDev (C:\\Projects\\TTMP\\tt-ui-ttmp\\node_modules\\react-dom\\cjs\\react-dom.development.js:3994:16)\n    at invokeGuardedCallback (C:\\Projects\\TTMP\\tt-ui-ttmp\\node_modules\\react-dom\\cjs\\react-dom.development.js:4056:31)\n    at beginWork$1 (C:\\Projects\\TTMP\\tt-ui-ttmp\\node_modules\\react-dom\\cjs\\react-dom.development.js:23964:7)\n    at performUnitOfWork (C:\\Projects\\TTMP\\tt-ui-ttmp\\node_modules\\react-dom\\cjs\\react-dom.development.js:22779:12)\n    at workLoopSync (C:\\Projects\\TTMP\\tt-ui-ttmp\\node_modules\\react-dom\\cjs\\react-dom.development.js:22707:5)\n    at renderRootSync (C:\\Projects\\TTMP\\tt-ui-ttmp\\node_modules\\react-dom\\cjs\\react-dom.development.js:22670:7)\n    at performSyncWorkOnRoot (C:\\Projects\\TTMP\\tt-ui-ttmp\\node_modules\\react-dom\\cjs\\react-dom.development.js:22293:18)\n    at scheduleUpdateOnFiber (C:\\Projects\\TTMP\\tt-ui-ttmp\\node_modules\\react-dom\\cjs\\react-dom.development.js:21881:7)\n    at updateContainer (C:\\Projects\\TTMP\\tt-ui-ttmp\\node_modules\\react-dom\\cjs\\react-dom.development.js:25482:3)\n    at C:\\Projects\\TTMP\\tt-ui-ttmp\\node_modules\\react-dom\\cjs\\react-dom.development.js:26021:7\n    at unbatchedUpdates (C:\\Projects\\TTMP\\tt-ui-ttmp\\node_modules\\react-dom\\cjs\\react-dom.development.js:22431:12)\n    at legacyRenderSubtreeIntoContainer (C:\\Projects\\TTMP\\tt-ui-ttmp\\node_modules\\react-dom\\cjs\\react-dom.development.js:26020:5)\n    at Object.render (C:\\Projects\\TTMP\\tt-ui-ttmp\\node_modules\\react-dom\\cjs\\react-dom.development.js:26103:10)\n    at C:\\Projects\\TTMP\\tt-ui-ttmp\\node_modules\\@testing-library\\react\\dist\\pure.js:101:25\n    at batchedUpdates$1 (C:\\Projects\\TTMP\\tt-ui-ttmp\\node_modules\\react-dom\\cjs\\react-dom.development.js:22380:12)\n    at act (C:\\Projects\\TTMP\\tt-ui-ttmp\\node_modules\\react-dom\\cjs\\react-dom-test-utils.development.js:1042:14)\n    at render (C:\\Projects\\TTMP\\tt-ui-ttmp\\node_modules\\@testing-library\\react\\dist\\pure.js:97:26)\n    at Object.<anonymous> (C:\\Projects\\TTMP\\tt-ui-ttmp\\src\\PartOfMps\\CmpLlps\\list.test.tsx:117:34)\n    at Promise.then.completed (C:\\Projects\\TTMP\\tt-ui-ttmp\\node_modules\\jest-circus\\build\\utils.js:298:28)\n    at new Promise (<anonymous>)\n    at callAsyncCircusFn (C:\\Projects\\TTMP\\tt-ui-ttmp\\node_modules\\jest-circus\\build\\utils.js:231:10)\n    at _callCircusTest (C:\\Projects\\TTMP\\tt-ui-ttmp\\node_modules\\jest-circus\\build\\run.js:316:40)\n    at processTicksAndRejections (node:internal/process/task_queues:95:5)\n    at _runTest (C:\\Projects\\TTMP\\tt-ui-ttmp\\node_modules\\jest-circus\\build\\run.js:252:3)\n    at _runTestsForDescribeBlock (C:\\Projects\\TTMP\\tt-ui-ttmp\\node_modules\\jest-circus\\build\\run.js:126:9)\n    at _runTestsForDescribeBlock (C:\\Projects\\TTMP\\tt-ui-ttmp\\node_modules\\jest-circus\\build\\run.js:121:9)\n    at run (C:\\Projects\\TTMP\\tt-ui-ttmp\\node_modules\\jest-circus\\build\\run.js:71:3)\n    at runAndTransformResultsToJestFormat (C:\\Projects\\TTMP\\tt-ui-ttmp\\node_modules\\jest-circus\\build\\legacy-code-todo-rewrite\\jestAdapterInit.js:122:21)\n    at jestAdapter (C:\\Projects\\TTMP\\tt-ui-ttmp\\node_modules\\jest-circus\\build\\legacy-code-todo-rewrite\\jestAdapter.js:79:19)\n    at runTestInternal (C:\\Projects\\TTMP\\tt-ui-ttmp\\node_modules\\jest-runner\\build\\runTest.js:367:16)\n    at runTest (C:\\Projects\\TTMP\\tt-ui-ttmp\\node_modules\\jest-runner\\build\\runTest.js:444:34)\n    at Object.worker (C:\\Projects\\TTMP\\tt-ui-ttmp\\node_modules\\jest-runner\\build\\testWorker.js:106:12)"],"fullName":"List Snapshot from haktan-test-generator should render correctly","invocations":1,"location":null,"numPassingAsserts":0,"retryReasons":[],"status":"failed","title":"should render correctly"}],"endTime":1743612056599,"message":"\u001b[1m\u001b[31m  \u001b[1m● \u001b[22m\u001b[1mList Snapshot from haktan-test-generator › should render correctly\u001b[39m\u001b[22m\n\n    Element type is invalid: expected a string (for built-in components) or a class/function (for composite components) but got: undefined. You likely forgot to export your component from the file it's defined in, or you might have mixed up default and named imports.\n\n    Check the render method of `PageList`.\n\u001b[2m\u001b[22m\n\u001b[2m    \u001b[0m \u001b[90m 115 |\u001b[39m describe(\u001b[32m\"List Snapshot from haktan-test-generator\"\u001b[39m\u001b[33m,\u001b[39m () \u001b[33m=>\u001b[39m {\u001b[22m\n\u001b[2m     \u001b[90m 116 |\u001b[39m   it(\u001b[32m\"should render correctly\"\u001b[39m\u001b[33m,\u001b[39m () \u001b[33m=>\u001b[39m {\u001b[22m\n\u001b[2m    \u001b[31m\u001b[1m>\u001b[22m\u001b[2m\u001b[39m\u001b[90m 117 |\u001b[39m     \u001b[36mconst\u001b[39m { asFragment } \u001b[33m=\u001b[39m render(\u001b[22m\n\u001b[2m     \u001b[90m     |\u001b[39m                                  \u001b[31m\u001b[1m^\u001b[22m\u001b[2m\u001b[39m\u001b[22m\n\u001b[2m     \u001b[90m 118 |\u001b[39m       \u001b[33m<\u001b[39m\u001b[33mThemeProvider\u001b[39m theme\u001b[33m=\u001b[39m{theme}\u001b[33m>\u001b[39m\u001b[22m\n\u001b[2m     \u001b[90m 119 |\u001b[39m         \u001b[33m<\u001b[39m\u001b[33mAdminContext\u001b[39m dataProvider\u001b[33m=\u001b[39m{_dataProvider}\u001b[33m>\u001b[39m\u001b[22m\n\u001b[2m     \u001b[90m 120 |\u001b[39m           \u001b[33m<\u001b[39m\u001b[33mResourceContextProvider\u001b[39m value\u001b[33m=\u001b[39m\u001b[32m\"test\"\u001b[39m\u001b[33m>\u001b[39m\u001b[0m\u001b[22m\n\u001b[2m\u001b[22m\n\u001b[2m      \u001b[2mat createFiberFromTypeAndProps (\u001b[22m\u001b[2mnode_modules/react-dom/cjs/react-dom.development.js\u001b[2m:25058:21)\u001b[22m\u001b[2m\u001b[22m\n\u001b[2m      \u001b[2mat createFiberFromElement (\u001b[22m\u001b[2mnode_modules/react-dom/cjs/react-dom.development.js\u001b[2m:25086:15)\u001b[22m\u001b[2m\u001b[22m\n\u001b[2m      \u001b[2mat createChild (\u001b[22m\u001b[2mnode_modules/react-dom/cjs/react-dom.development.js\u001b[2m:13446:28)\u001b[22m\u001b[2m\u001b[22m\n\u001b[2m      \u001b[2mat reconcileChildrenArray (\u001b[22m\u001b[2mnode_modules/react-dom/cjs/react-dom.development.js\u001b[2m:13719:25)\u001b[22m\u001b[2m\u001b[22m\n\u001b[2m      \u001b[2mat reconcileChildFibers (\u001b[22m\u001b[2mnode_modules/react-dom/cjs/react-dom.development.js\u001b[2m:14125:14)\u001b[22m\u001b[2m\u001b[22m\n\u001b[2m      \u001b[2mat reconcileChildren (\u001b[22m\u001b[2mnode_modules/react-dom/cjs/react-dom.development.js\u001b[2m:16990:28)\u001b[22m\u001b[2m\u001b[22m\n\u001b[2m      \u001b[2mat updateHostComponent (\u001b[22m\u001b[2mnode_modules/react-dom/cjs/react-dom.development.js\u001b[2m:17632:3)\u001b[22m\u001b[2m\u001b[22m\n\u001b[2m      \u001b[2mat beginWork (\u001b[22m\u001b[2mnode_modules/react-dom/cjs/react-dom.development.js\u001b[2m:19080:14)\u001b[22m\u001b[2m\u001b[22m\n\u001b[2m      \u001b[2mat HTMLUnknownElement.callCallback (\u001b[22m\u001b[2mnode_modules/react-dom/cjs/react-dom.development.js\u001b[2m:3945:14)\u001b[22m\u001b[2m\u001b[22m\n\u001b[2m      \u001b[2mat HTMLUnknownElement.callTheUserObjectsOperation (\u001b[22m\u001b[2mnode_modules/jsdom/lib/jsdom/living/generated/EventListener.js\u001b[2m:26:30)\u001b[22m\u001b[2m\u001b[22m\n\u001b[2m      \u001b[2mat innerInvokeEventListeners (\u001b[22m\u001b[2mnode_modules/jsdom/lib/jsdom/living/events/EventTarget-impl.js\u001b[2m:350:25)\u001b[22m\u001b[2m\u001b[22m\n\u001b[2m      \u001b[2mat invokeEventListeners (\u001b[22m\u001b[2mnode_modules/jsdom/lib/jsdom/living/events/EventTarget-impl.js\u001b[2m:286:3)\u001b[22m\u001b[2m\u001b[22m\n\u001b[2m      \u001b[2mat HTMLUnknownElementImpl._dispatch (\u001b[22m\u001b[2mnode_modules/jsdom/lib/jsdom/living/events/EventTarget-impl.js\u001b[2m:233:9)\u001b[22m\u001b[2m\u001b[22m\n\u001b[2m      \u001b[2mat HTMLUnknownElementImpl.dispatchEvent (\u001b[22m\u001b[2mnode_modules/jsdom/lib/jsdom/living/events/EventTarget-impl.js\u001b[2m:104:17)\u001b[22m\u001b[2m\u001b[22m\n\u001b[2m      \u001b[2mat HTMLUnknownElement.dispatchEvent (\u001b[22m\u001b[2mnode_modules/jsdom/lib/jsdom/living/generated/EventTarget.js\u001b[2m:241:34)\u001b[22m\u001b[2m\u001b[22m\n\u001b[2m      \u001b[2mat Object.invokeGuardedCallbackDev (\u001b[22m\u001b[2mnode_modules/react-dom/cjs/react-dom.development.js\u001b[2m:3994:16)\u001b[22m\u001b[2m\u001b[22m\n\u001b[2m      \u001b[2mat invokeGuardedCallback (\u001b[22m\u001b[2mnode_modules/react-dom/cjs/react-dom.development.js\u001b[2m:4056:31)\u001b[22m\u001b[2m\u001b[22m\n\u001b[2m      \u001b[2mat beginWork$1 (\u001b[22m\u001b[2mnode_modules/react-dom/cjs/react-dom.development.js\u001b[2m:23964:7)\u001b[22m\u001b[2m\u001b[22m\n\u001b[2m      \u001b[2mat performUnitOfWork (\u001b[22m\u001b[2mnode_modules/react-dom/cjs/react-dom.development.js\u001b[2m:22779:12)\u001b[22m\u001b[2m\u001b[22m\n\u001b[2m      \u001b[2mat workLoopSync (\u001b[22m\u001b[2mnode_modules/react-dom/cjs/react-dom.development.js\u001b[2m:22707:5)\u001b[22m\u001b[2m\u001b[22m\n\u001b[2m      \u001b[2mat renderRootSync (\u001b[22m\u001b[2mnode_modules/react-dom/cjs/react-dom.development.js\u001b[2m:22670:7)\u001b[22m\u001b[2m\u001b[22m\n\u001b[2m      \u001b[2mat performSyncWorkOnRoot (\u001b[22m\u001b[2mnode_modules/react-dom/cjs/react-dom.development.js\u001b[2m:22293:18)\u001b[22m\u001b[2m\u001b[22m\n\u001b[2m      \u001b[2mat scheduleUpdateOnFiber (\u001b[22m\u001b[2mnode_modules/react-dom/cjs/react-dom.development.js\u001b[2m:21881:7)\u001b[22m\u001b[2m\u001b[22m\n\u001b[2m      \u001b[2mat updateContainer (\u001b[22m\u001b[2mnode_modules/react-dom/cjs/react-dom.development.js\u001b[2m:25482:3)\u001b[22m\u001b[2m\u001b[22m\n\u001b[2m      \u001b[2mat \u001b[22m\u001b[2mnode_modules/react-dom/cjs/react-dom.development.js\u001b[2m:26021:7\u001b[22m\u001b[2m\u001b[22m\n\u001b[2m      \u001b[2mat unbatchedUpdates (\u001b[22m\u001b[2mnode_modules/react-dom/cjs/react-dom.development.js\u001b[2m:22431:12)\u001b[22m\u001b[2m\u001b[22m\n\u001b[2m      \u001b[2mat legacyRenderSubtreeIntoContainer (\u001b[22m\u001b[2mnode_modules/react-dom/cjs/react-dom.development.js\u001b[2m:26020:5)\u001b[22m\u001b[2m\u001b[22m\n\u001b[2m      \u001b[2mat Object.render (\u001b[22m\u001b[2mnode_modules/react-dom/cjs/react-dom.development.js\u001b[2m:26103:10)\u001b[22m\u001b[2m\u001b[22m\n\u001b[2m      \u001b[2mat \u001b[22m\u001b[2mnode_modules/@testing-library/react/dist/pure.js\u001b[2m:101:25\u001b[22m\u001b[2m\u001b[22m\n\u001b[2m      \u001b[2mat batchedUpdates$1 (\u001b[22m\u001b[2mnode_modules/react-dom/cjs/react-dom.development.js\u001b[2m:22380:12)\u001b[22m\u001b[2m\u001b[22m\n\u001b[2m      \u001b[2mat act (\u001b[22m\u001b[2mnode_modules/react-dom/cjs/react-dom-test-utils.development.js\u001b[2m:1042:14)\u001b[22m\u001b[2m\u001b[22m\n\u001b[2m      \u001b[2mat render (\u001b[22m\u001b[2mnode_modules/@testing-library/react/dist/pure.js\u001b[2m:97:26)\u001b[22m\u001b[2m\u001b[22m\n\u001b[2m      \u001b[2mat Object.<anonymous> (\u001b[22m\u001b[2m\u001b[0m\u001b[36msrc/PartOfMps/CmpLlps/list.test.tsx\u001b[39m\u001b[0m\u001b[2m:117:34)\u001b[22m\u001b[2m\u001b[22m\n","name":"C:\\Projects\\TTMP\\tt-ui-ttmp\\src\\PartOfMps\\CmpLlps\\list.test.tsx","startTime":1743612049460,"status":"failed","summary":""},{"assertionResults":[{"ancestorTitles":["Index Snapshot from haktan-test-generator"],"duration":59,"failureDetails":[{}],"failureMessages":["Error: Element type is invalid: expected a string (for built-in components) or a class/function (for composite components) but got: undefined. You likely forgot to export your component from the file it's defined in, or you might have mixed up default and named imports.\n\nCheck the render method of `TrCode`.\n    at createFiberFromTypeAndProps (C:\\Projects\\TTMP\\tt-ui-ttmp\\node_modules\\react-dom\\cjs\\react-dom.development.js:25058:21)\n    at createFiberFromElement (C:\\Projects\\TTMP\\tt-ui-ttmp\\node_modules\\react-dom\\cjs\\react-dom.development.js:25086:15)\n    at reconcileSingleElement (C:\\Projects\\TTMP\\tt-ui-ttmp\\node_modules\\react-dom\\cjs\\react-dom.development.js:14052:23)\n    at reconcileChildFibers (C:\\Projects\\TTMP\\tt-ui-ttmp\\node_modules\\react-dom\\cjs\\react-dom.development.js:14112:35)\n    at reconcileChildren (C:\\Projects\\TTMP\\tt-ui-ttmp\\node_modules\\react-dom\\cjs\\react-dom.development.js:16990:28)\n    at mountIndeterminateComponent (C:\\Projects\\TTMP\\tt-ui-ttmp\\node_modules\\react-dom\\cjs\\react-dom.development.js:17890:5)\n    at beginWork (C:\\Projects\\TTMP\\tt-ui-ttmp\\node_modules\\react-dom\\cjs\\react-dom.development.js:19049:16)\n    at HTMLUnknownElement.callCallback (C:\\Projects\\TTMP\\tt-ui-ttmp\\node_modules\\react-dom\\cjs\\react-dom.development.js:3945:14)\n    at HTMLUnknownElement.callTheUserObjectsOperation (C:\\Projects\\TTMP\\tt-ui-ttmp\\node_modules\\jsdom\\lib\\jsdom\\living\\generated\\EventListener.js:26:30)\n    at innerInvokeEventListeners (C:\\Projects\\TTMP\\tt-ui-ttmp\\node_modules\\jsdom\\lib\\jsdom\\living\\events\\EventTarget-impl.js:350:25)\n    at invokeEventListeners (C:\\Projects\\TTMP\\tt-ui-ttmp\\node_modules\\jsdom\\lib\\jsdom\\living\\events\\EventTarget-impl.js:286:3)\n    at HTMLUnknownElementImpl._dispatch (C:\\Projects\\TTMP\\tt-ui-ttmp\\node_modules\\jsdom\\lib\\jsdom\\living\\events\\EventTarget-impl.js:233:9)\n    at HTMLUnknownElementImpl.dispatchEvent (C:\\Projects\\TTMP\\tt-ui-ttmp\\node_modules\\jsdom\\lib\\jsdom\\living\\events\\EventTarget-impl.js:104:17)\n    at HTMLUnknownElement.dispatchEvent (C:\\Projects\\TTMP\\tt-ui-ttmp\\node_modules\\jsdom\\lib\\jsdom\\living\\generated\\EventTarget.js:241:34)\n    at Object.invokeGuardedCallbackDev (C:\\Projects\\TTMP\\tt-ui-ttmp\\node_modules\\react-dom\\cjs\\react-dom.development.js:3994:16)\n    at invokeGuardedCallback (C:\\Projects\\TTMP\\tt-ui-ttmp\\node_modules\\react-dom\\cjs\\react-dom.development.js:4056:31)\n    at beginWork$1 (C:\\Projects\\TTMP\\tt-ui-ttmp\\node_modules\\react-dom\\cjs\\react-dom.development.js:23964:7)\n    at performUnitOfWork (C:\\Projects\\TTMP\\tt-ui-ttmp\\node_modules\\react-dom\\cjs\\react-dom.development.js:22779:12)\n    at workLoopSync (C:\\Projects\\TTMP\\tt-ui-ttmp\\node_modules\\react-dom\\cjs\\react-dom.development.js:22707:5)\n    at renderRootSync (C:\\Projects\\TTMP\\tt-ui-ttmp\\node_modules\\react-dom\\cjs\\react-dom.development.js:22670:7)\n    at performSyncWorkOnRoot (C:\\Projects\\TTMP\\tt-ui-ttmp\\node_modules\\react-dom\\cjs\\react-dom.development.js:22293:18)\n    at scheduleUpdateOnFiber (C:\\Projects\\TTMP\\tt-ui-ttmp\\node_modules\\react-dom\\cjs\\react-dom.development.js:21881:7)\n    at updateContainer (C:\\Projects\\TTMP\\tt-ui-ttmp\\node_modules\\react-dom\\cjs\\react-dom.development.js:25482:3)\n    at C:\\Projects\\TTMP\\tt-ui-ttmp\\node_modules\\react-dom\\cjs\\react-dom.development.js:26021:7\n    at unbatchedUpdates (C:\\Projects\\TTMP\\tt-ui-ttmp\\node_modules\\react-dom\\cjs\\react-dom.development.js:22431:12)\n    at legacyRenderSubtreeIntoContainer (C:\\Projects\\TTMP\\tt-ui-ttmp\\node_modules\\react-dom\\cjs\\react-dom.development.js:26020:5)\n    at Object.render (C:\\Projects\\TTMP\\tt-ui-ttmp\\node_modules\\react-dom\\cjs\\react-dom.development.js:26103:10)\n    at C:\\Projects\\TTMP\\tt-ui-ttmp\\node_modules\\@testing-library\\react\\dist\\pure.js:101:25\n    at batchedUpdates$1 (C:\\Projects\\TTMP\\tt-ui-ttmp\\node_modules\\react-dom\\cjs\\react-dom.development.js:22380:12)\n    at act (C:\\Projects\\TTMP\\tt-ui-ttmp\\node_modules\\react-dom\\cjs\\react-dom-test-utils.development.js:1042:14)\n    at render (C:\\Projects\\TTMP\\tt-ui-ttmp\\node_modules\\@testing-library\\react\\dist\\pure.js:97:26)\n    at Object.<anonymous> (C:\\Projects\\TTMP\\tt-ui-ttmp\\src\\TrCodes\\index.test.tsx:146:34)\n    at Promise.then.completed (C:\\Projects\\TTMP\\tt-ui-ttmp\\node_modules\\jest-circus\\build\\utils.js:298:28)\n    at new Promise (<anonymous>)\n    at callAsyncCircusFn (C:\\Projects\\TTMP\\tt-ui-ttmp\\node_modules\\jest-circus\\build\\utils.js:231:10)\n    at _callCircusTest (C:\\Projects\\TTMP\\tt-ui-ttmp\\node_modules\\jest-circus\\build\\run.js:316:40)\n    at processTicksAndRejections (node:internal/process/task_queues:95:5)\n    at _runTest (C:\\Projects\\TTMP\\tt-ui-ttmp\\node_modules\\jest-circus\\build\\run.js:252:3)\n    at _runTestsForDescribeBlock (C:\\Projects\\TTMP\\tt-ui-ttmp\\node_modules\\jest-circus\\build\\run.js:126:9)\n    at _runTestsForDescribeBlock (C:\\Projects\\TTMP\\tt-ui-ttmp\\node_modules\\jest-circus\\build\\run.js:121:9)\n    at run (C:\\Projects\\TTMP\\tt-ui-ttmp\\node_modules\\jest-circus\\build\\run.js:71:3)\n    at runAndTransformResultsToJestFormat (C:\\Projects\\TTMP\\tt-ui-ttmp\\node_modules\\jest-circus\\build\\legacy-code-todo-rewrite\\jestAdapterInit.js:122:21)\n    at jestAdapter (C:\\Projects\\TTMP\\tt-ui-ttmp\\node_modules\\jest-circus\\build\\legacy-code-todo-rewrite\\jestAdapter.js:79:19)\n    at runTestInternal (C:\\Projects\\TTMP\\tt-ui-ttmp\\node_modules\\jest-runner\\build\\runTest.js:367:16)\n    at runTest (C:\\Projects\\TTMP\\tt-ui-ttmp\\node_modules\\jest-runner\\build\\runTest.js:444:34)\n    at Object.worker (C:\\Projects\\TTMP\\tt-ui-ttmp\\node_modules\\jest-runner\\build\\testWorker.js:106:12)"],"fullName":"Index Snapshot from haktan-test-generator should render correctly","invocations":1,"location":null,"numPassingAsserts":0,"retryReasons":[],"status":"failed","title":"should render correctly"}],"endTime":1743612057705,"message":"\u001b[1m\u001b[31m  \u001b[1m● \u001b[22m\u001b[1mIndex Snapshot from haktan-test-generator › should render correctly\u001b[39m\u001b[22m\n\n    Element type is invalid: expected a string (for built-in components) or a class/function (for composite components) but got: undefined. You likely forgot to export your component from the file it's defined in, or you might have mixed up default and named imports.\n\n    Check the render method of `TrCode`.\n\u001b[2m\u001b[22m\n\u001b[2m    \u001b[0m \u001b[90m 144 |\u001b[39m   it(\u001b[32m\"should render correctly\"\u001b[39m\u001b[33m,\u001b[39m () \u001b[33m=>\u001b[39m {\u001b[22m\n\u001b[2m     \u001b[90m 145 |\u001b[39m\u001b[22m\n\u001b[2m    \u001b[31m\u001b[1m>\u001b[22m\u001b[2m\u001b[39m\u001b[90m 146 |\u001b[39m     \u001b[36mconst\u001b[39m { asFragment } \u001b[33m=\u001b[39m render(\u001b[22m\n\u001b[2m     \u001b[90m     |\u001b[39m                                  \u001b[31m\u001b[1m^\u001b[22m\u001b[2m\u001b[39m\u001b[22m\n\u001b[2m     \u001b[90m 147 |\u001b[39m \u001b[33m<\u001b[39m\u001b[33mThemeProvider\u001b[39m theme\u001b[33m=\u001b[39m{theme}\u001b[33m>\u001b[39m\u001b[22m\n\u001b[2m     \u001b[90m 148 |\u001b[39m \u001b[33m<\u001b[39m\u001b[33mAdminContext\u001b[39m dataProvider\u001b[33m=\u001b[39m{_dataProvider}\u001b[33m>\u001b[39m\u001b[22m\n\u001b[2m     \u001b[90m 149 |\u001b[39m \u001b[33m<\u001b[39m\u001b[33mIndex\u001b[39m \u001b[33m/\u001b[39m\u001b[33m>\u001b[39m\u001b[0m\u001b[22m\n\u001b[2m\u001b[22m\n\u001b[2m      \u001b[2mat createFiberFromTypeAndProps (\u001b[22m\u001b[2mnode_modules/react-dom/cjs/react-dom.development.js\u001b[2m:25058:21)\u001b[22m\u001b[2m\u001b[22m\n\u001b[2m      \u001b[2mat createFiberFromElement (\u001b[22m\u001b[2mnode_modules/react-dom/cjs/react-dom.development.js\u001b[2m:25086:15)\u001b[22m\u001b[2m\u001b[22m\n\u001b[2m      \u001b[2mat reconcileSingleElement (\u001b[22m\u001b[2mnode_modules/react-dom/cjs/react-dom.development.js\u001b[2m:14052:23)\u001b[22m\u001b[2m\u001b[22m\n\u001b[2m      \u001b[2mat reconcileChildFibers (\u001b[22m\u001b[2mnode_modules/react-dom/cjs/react-dom.development.js\u001b[2m:14112:35)\u001b[22m\u001b[2m\u001b[22m\n\u001b[2m      \u001b[2mat reconcileChildren (\u001b[22m\u001b[2mnode_modules/react-dom/cjs/react-dom.development.js\u001b[2m:16990:28)\u001b[22m\u001b[2m\u001b[22m\n\u001b[2m      \u001b[2mat mountIndeterminateComponent (\u001b[22m\u001b[2mnode_modules/react-dom/cjs/react-dom.development.js\u001b[2m:17890:5)\u001b[22m\u001b[2m\u001b[22m\n\u001b[2m      \u001b[2mat beginWork (\u001b[22m\u001b[2mnode_modules/react-dom/cjs/react-dom.development.js\u001b[2m:19049:16)\u001b[22m\u001b[2m\u001b[22m\n\u001b[2m      \u001b[2mat HTMLUnknownElement.callCallback (\u001b[22m\u001b[2mnode_modules/react-dom/cjs/react-dom.development.js\u001b[2m:3945:14)\u001b[22m\u001b[2m\u001b[22m\n\u001b[2m      \u001b[2mat HTMLUnknownElement.callTheUserObjectsOperation (\u001b[22m\u001b[2mnode_modules/jsdom/lib/jsdom/living/generated/EventListener.js\u001b[2m:26:30)\u001b[22m\u001b[2m\u001b[22m\n\u001b[2m      \u001b[2mat innerInvokeEventListeners (\u001b[22m\u001b[2mnode_modules/jsdom/lib/jsdom/living/events/EventTarget-impl.js\u001b[2m:350:25)\u001b[22m\u001b[2m\u001b[22m\n\u001b[2m      \u001b[2mat invokeEventListeners (\u001b[22m\u001b[2mnode_modules/jsdom/lib/jsdom/living/events/EventTarget-impl.js\u001b[2m:286:3)\u001b[22m\u001b[2m\u001b[22m\n\u001b[2m      \u001b[2mat HTMLUnknownElementImpl._dispatch (\u001b[22m\u001b[2mnode_modules/jsdom/lib/jsdom/living/events/EventTarget-impl.js\u001b[2m:233:9)\u001b[22m\u001b[2m\u001b[22m\n\u001b[2m      \u001b[2mat HTMLUnknownElementImpl.dispatchEvent (\u001b[22m\u001b[2mnode_modules/jsdom/lib/jsdom/living/events/EventTarget-impl.js\u001b[2m:104:17)\u001b[22m\u001b[2m\u001b[22m\n\u001b[2m      \u001b[2mat HTMLUnknownElement.dispatchEvent (\u001b[22m\u001b[2mnode_modules/jsdom/lib/jsdom/living/generated/EventTarget.js\u001b[2m:241:34)\u001b[22m\u001b[2m\u001b[22m\n\u001b[2m      \u001b[2mat Object.invokeGuardedCallbackDev (\u001b[22m\u001b[2mnode_modules/react-dom/cjs/react-dom.development.js\u001b[2m:3994:16)\u001b[22m\u001b[2m\u001b[22m\n\u001b[2m      \u001b[2mat invokeGuardedCallback (\u001b[22m\u001b[2mnode_modules/react-dom/cjs/react-dom.development.js\u001b[2m:4056:31)\u001b[22m\u001b[2m\u001b[22m\n\u001b[2m      \u001b[2mat beginWork$1 (\u001b[22m\u001b[2mnode_modules/react-dom/cjs/react-dom.development.js\u001b[2m:23964:7)\u001b[22m\u001b[2m\u001b[22m\n\u001b[2m      \u001b[2mat performUnitOfWork (\u001b[22m\u001b[2mnode_modules/react-dom/cjs/react-dom.development.js\u001b[2m:22779:12)\u001b[22m\u001b[2m\u001b[22m\n\u001b[2m      \u001b[2mat workLoopSync (\u001b[22m\u001b[2mnode_modules/react-dom/cjs/react-dom.development.js\u001b[2m:22707:5)\u001b[22m\u001b[2m\u001b[22m\n\u001b[2m      \u001b[2mat renderRootSync (\u001b[22m\u001b[2mnode_modules/react-dom/cjs/react-dom.development.js\u001b[2m:22670:7)\u001b[22m\u001b[2m\u001b[22m\n\u001b[2m      \u001b[2mat performSyncWorkOnRoot (\u001b[22m\u001b[2mnode_modules/react-dom/cjs/react-dom.development.js\u001b[2m:22293:18)\u001b[22m\u001b[2m\u001b[22m\n\u001b[2m      \u001b[2mat scheduleUpdateOnFiber (\u001b[22m\u001b[2mnode_modules/react-dom/cjs/react-dom.development.js\u001b[2m:21881:7)\u001b[22m\u001b[2m\u001b[22m\n\u001b[2m      \u001b[2mat updateContainer (\u001b[22m\u001b[2mnode_modules/react-dom/cjs/react-dom.development.js\u001b[2m:25482:3)\u001b[22m\u001b[2m\u001b[22m\n\u001b[2m      \u001b[2mat \u001b[22m\u001b[2mnode_modules/react-dom/cjs/react-dom.development.js\u001b[2m:26021:7\u001b[22m\u001b[2m\u001b[22m\n\u001b[2m      \u001b[2mat unbatchedUpdates (\u001b[22m\u001b[2mnode_modules/react-dom/cjs/react-dom.development.js\u001b[2m:22431:12)\u001b[22m\u001b[2m\u001b[22m\n\u001b[2m      \u001b[2mat legacyRenderSubtreeIntoContainer (\u001b[22m\u001b[2mnode_modules/react-dom/cjs/react-dom.development.js\u001b[2m:26020:5)\u001b[22m\u001b[2m\u001b[22m\n\u001b[2m      \u001b[2mat Object.render (\u001b[22m\u001b[2mnode_modules/react-dom/cjs/react-dom.development.js\u001b[2m:26103:10)\u001b[22m\u001b[2m\u001b[22m\n\u001b[2m      \u001b[2mat \u001b[22m\u001b[2mnode_modules/@testing-library/react/dist/pure.js\u001b[2m:101:25\u001b[22m\u001b[2m\u001b[22m\n\u001b[2m      \u001b[2mat batchedUpdates$1 (\u001b[22m\u001b[2mnode_modules/react-dom/cjs/react-dom.development.js\u001b[2m:22380:12)\u001b[22m\u001b[2m\u001b[22m\n\u001b[2m      \u001b[2mat act (\u001b[22m\u001b[2mnode_modules/react-dom/cjs/react-dom-test-utils.development.js\u001b[2m:1042:14)\u001b[22m\u001b[2m\u001b[22m\n\u001b[2m      \u001b[2mat render (\u001b[22m\u001b[2mnode_modules/@testing-library/react/dist/pure.js\u001b[2m:97:26)\u001b[22m\u001b[2m\u001b[22m\n\u001b[2m      \u001b[2mat Object.<anonymous> (\u001b[22m\u001b[2m\u001b[0m\u001b[36msrc/TrCodes/index.test.tsx\u001b[39m\u001b[0m\u001b[2m:146:34)\u001b[22m\u001b[2m\u001b[22m\n","name":"C:\\Projects\\TTMP\\tt-ui-ttmp\\src\\TrCodes\\index.test.tsx","startTime":1743612056320,"status":"failed","summary":""},{"assertionResults":[{"ancestorTitles":["Actions Snapshot from haktan-test-generator"],"duration":72,"failureDetails":[{}],"failureMessages":["Error: FilterButton requires filters prop to be set\n    at FilterButton (C:\\Projects\\TTMP\\tt-ui-ttmp\\node_modules\\ra-ui-materialui\\lib\\list\\filter\\FilterButton.js:71:15)\n    at renderWithHooks (C:\\Projects\\TTMP\\tt-ui-ttmp\\node_modules\\react-dom\\cjs\\react-dom.development.js:14985:18)\n    at mountIndeterminateComponent (C:\\Projects\\TTMP\\tt-ui-ttmp\\node_modules\\react-dom\\cjs\\react-dom.development.js:17811:13)\n    at beginWork (C:\\Projects\\TTMP\\tt-ui-ttmp\\node_modules\\react-dom\\cjs\\react-dom.development.js:19049:16)\n    at HTMLUnknownElement.callCallback (C:\\Projects\\TTMP\\tt-ui-ttmp\\node_modules\\react-dom\\cjs\\react-dom.development.js:3945:14)\n    at HTMLUnknownElement.callTheUserObjectsOperation (C:\\Projects\\TTMP\\tt-ui-ttmp\\node_modules\\jsdom\\lib\\jsdom\\living\\generated\\EventListener.js:26:30)\n    at innerInvokeEventListeners (C:\\Projects\\TTMP\\tt-ui-ttmp\\node_modules\\jsdom\\lib\\jsdom\\living\\events\\EventTarget-impl.js:350:25)\n    at invokeEventListeners (C:\\Projects\\TTMP\\tt-ui-ttmp\\node_modules\\jsdom\\lib\\jsdom\\living\\events\\EventTarget-impl.js:286:3)\n    at HTMLUnknownElementImpl._dispatch (C:\\Projects\\TTMP\\tt-ui-ttmp\\node_modules\\jsdom\\lib\\jsdom\\living\\events\\EventTarget-impl.js:233:9)\n    at HTMLUnknownElementImpl.dispatchEvent (C:\\Projects\\TTMP\\tt-ui-ttmp\\node_modules\\jsdom\\lib\\jsdom\\living\\events\\EventTarget-impl.js:104:17)\n    at HTMLUnknownElement.dispatchEvent (C:\\Projects\\TTMP\\tt-ui-ttmp\\node_modules\\jsdom\\lib\\jsdom\\living\\generated\\EventTarget.js:241:34)\n    at Object.invokeGuardedCallbackDev (C:\\Projects\\TTMP\\tt-ui-ttmp\\node_modules\\react-dom\\cjs\\react-dom.development.js:3994:16)\n    at invokeGuardedCallback (C:\\Projects\\TTMP\\tt-ui-ttmp\\node_modules\\react-dom\\cjs\\react-dom.development.js:4056:31)\n    at beginWork$1 (C:\\Projects\\TTMP\\tt-ui-ttmp\\node_modules\\react-dom\\cjs\\react-dom.development.js:23964:7)\n    at performUnitOfWork (C:\\Projects\\TTMP\\tt-ui-ttmp\\node_modules\\react-dom\\cjs\\react-dom.development.js:22779:12)\n    at workLoopSync (C:\\Projects\\TTMP\\tt-ui-ttmp\\node_modules\\react-dom\\cjs\\react-dom.development.js:22707:5)\n    at renderRootSync (C:\\Projects\\TTMP\\tt-ui-ttmp\\node_modules\\react-dom\\cjs\\react-dom.development.js:22670:7)\n    at performSyncWorkOnRoot (C:\\Projects\\TTMP\\tt-ui-ttmp\\node_modules\\react-dom\\cjs\\react-dom.development.js:22293:18)\n    at scheduleUpdateOnFiber (C:\\Projects\\TTMP\\tt-ui-ttmp\\node_modules\\react-dom\\cjs\\react-dom.development.js:21881:7)\n    at updateContainer (C:\\Projects\\TTMP\\tt-ui-ttmp\\node_modules\\react-dom\\cjs\\react-dom.development.js:25482:3)\n    at C:\\Projects\\TTMP\\tt-ui-ttmp\\node_modules\\react-dom\\cjs\\react-dom.development.js:26021:7\n    at unbatchedUpdates (C:\\Projects\\TTMP\\tt-ui-ttmp\\node_modules\\react-dom\\cjs\\react-dom.development.js:22431:12)\n    at legacyRenderSubtreeIntoContainer (C:\\Projects\\TTMP\\tt-ui-ttmp\\node_modules\\react-dom\\cjs\\react-dom.development.js:26020:5)\n    at Object.render (C:\\Projects\\TTMP\\tt-ui-ttmp\\node_modules\\react-dom\\cjs\\react-dom.development.js:26103:10)\n    at C:\\Projects\\TTMP\\tt-ui-ttmp\\node_modules\\@testing-library\\react\\dist\\pure.js:101:25\n    at batchedUpdates$1 (C:\\Projects\\TTMP\\tt-ui-ttmp\\node_modules\\react-dom\\cjs\\react-dom.development.js:22380:12)\n    at act (C:\\Projects\\TTMP\\tt-ui-ttmp\\node_modules\\react-dom\\cjs\\react-dom-test-utils.development.js:1042:14)\n    at render (C:\\Projects\\TTMP\\tt-ui-ttmp\\node_modules\\@testing-library\\react\\dist\\pure.js:97:26)\n    at Object.<anonymous> (C:\\Projects\\TTMP\\tt-ui-ttmp\\src\\PartOfMps\\CmpLlps\\Actions.test.tsx:146:34)\n    at Promise.then.completed (C:\\Projects\\TTMP\\tt-ui-ttmp\\node_modules\\jest-circus\\build\\utils.js:298:28)\n    at new Promise (<anonymous>)\n    at callAsyncCircusFn (C:\\Projects\\TTMP\\tt-ui-ttmp\\node_modules\\jest-circus\\build\\utils.js:231:10)\n    at _callCircusTest (C:\\Projects\\TTMP\\tt-ui-ttmp\\node_modules\\jest-circus\\build\\run.js:316:40)\n    at processTicksAndRejections (node:internal/process/task_queues:95:5)\n    at _runTest (C:\\Projects\\TTMP\\tt-ui-ttmp\\node_modules\\jest-circus\\build\\run.js:252:3)\n    at _runTestsForDescribeBlock (C:\\Projects\\TTMP\\tt-ui-ttmp\\node_modules\\jest-circus\\build\\run.js:126:9)\n    at _runTestsForDescribeBlock (C:\\Projects\\TTMP\\tt-ui-ttmp\\node_modules\\jest-circus\\build\\run.js:121:9)\n    at run (C:\\Projects\\TTMP\\tt-ui-ttmp\\node_modules\\jest-circus\\build\\run.js:71:3)\n    at runAndTransformResultsToJestFormat (C:\\Projects\\TTMP\\tt-ui-ttmp\\node_modules\\jest-circus\\build\\legacy-code-todo-rewrite\\jestAdapterInit.js:122:21)\n    at jestAdapter (C:\\Projects\\TTMP\\tt-ui-ttmp\\node_modules\\jest-circus\\build\\legacy-code-todo-rewrite\\jestAdapter.js:79:19)\n    at runTestInternal (C:\\Projects\\TTMP\\tt-ui-ttmp\\node_modules\\jest-runner\\build\\runTest.js:367:16)\n    at runTest (C:\\Projects\\TTMP\\tt-ui-ttmp\\node_modules\\jest-runner\\build\\runTest.js:444:34)\n    at Object.worker (C:\\Projects\\TTMP\\tt-ui-ttmp\\node_modules\\jest-runner\\build\\testWorker.js:106:12)"],"fullName":"Actions Snapshot from haktan-test-generator should render correctly","invocations":1,"location":null,"numPassingAsserts":0,"retryReasons":[],"status":"failed","title":"should render correctly"}],"endTime":1743612057901,"message":"\u001b[1m\u001b[31m  \u001b[1m● \u001b[22m\u001b[1mActions Snapshot from haktan-test-generator › should render correctly\u001b[39m\u001b[22m\n\n    FilterButton requires filters prop to be set\n\u001b[2m\u001b[22m\n\u001b[2m    \u001b[0m \u001b[90m 144 |\u001b[39m   it(\u001b[32m\"should render correctly\"\u001b[39m\u001b[33m,\u001b[39m () \u001b[33m=>\u001b[39m {\u001b[22m\n\u001b[2m     \u001b[90m 145 |\u001b[39m\u001b[22m\n\u001b[2m    \u001b[31m\u001b[1m>\u001b[22m\u001b[2m\u001b[39m\u001b[90m 146 |\u001b[39m     \u001b[36mconst\u001b[39m { asFragment } \u001b[33m=\u001b[39m render(\u001b[22m\n\u001b[2m     \u001b[90m     |\u001b[39m                                  \u001b[31m\u001b[1m^\u001b[22m\u001b[2m\u001b[39m\u001b[22m\n\u001b[2m     \u001b[90m 147 |\u001b[39m \u001b[33m<\u001b[39m\u001b[33mThemeProvider\u001b[39m theme\u001b[33m=\u001b[39m{theme}\u001b[33m>\u001b[39m\u001b[22m\n\u001b[2m     \u001b[90m 148 |\u001b[39m \u001b[33m<\u001b[39m\u001b[33mAdminContext\u001b[39m dataProvider\u001b[33m=\u001b[39m{_dataProvider}\u001b[33m>\u001b[39m\u001b[22m\n\u001b[2m     \u001b[90m 149 |\u001b[39m \u001b[33m<\u001b[39m\u001b[33mActions\u001b[39m \u001b[33m/\u001b[39m\u001b[33m>\u001b[39m\u001b[0m\u001b[22m\n\u001b[2m\u001b[22m\n\u001b[2m      \u001b[2mat FilterButton (\u001b[22m\u001b[2mnode_modules/ra-ui-materialui/lib/list/filter/FilterButton.js\u001b[2m:71:15)\u001b[22m\u001b[2m\u001b[22m\n\u001b[2m      \u001b[2mat renderWithHooks (\u001b[22m\u001b[2mnode_modules/react-dom/cjs/react-dom.development.js\u001b[2m:14985:18)\u001b[22m\u001b[2m\u001b[22m\n\u001b[2m      \u001b[2mat mountIndeterminateComponent (\u001b[22m\u001b[2mnode_modules/react-dom/cjs/react-dom.development.js\u001b[2m:17811:13)\u001b[22m\u001b[2m\u001b[22m\n\u001b[2m      \u001b[2mat beginWork (\u001b[22m\u001b[2mnode_modules/react-dom/cjs/react-dom.development.js\u001b[2m:19049:16)\u001b[22m\u001b[2m\u001b[22m\n\u001b[2m      \u001b[2mat HTMLUnknownElement.callCallback (\u001b[22m\u001b[2mnode_modules/react-dom/cjs/react-dom.development.js\u001b[2m:3945:14)\u001b[22m\u001b[2m\u001b[22m\n\u001b[2m      \u001b[2mat HTMLUnknownElement.callTheUserObjectsOperation (\u001b[22m\u001b[2mnode_modules/jsdom/lib/jsdom/living/generated/EventListener.js\u001b[2m:26:30)\u001b[22m\u001b[2m\u001b[22m\n\u001b[2m      \u001b[2mat innerInvokeEventListeners (\u001b[22m\u001b[2mnode_modules/jsdom/lib/jsdom/living/events/EventTarget-impl.js\u001b[2m:350:25)\u001b[22m\u001b[2m\u001b[22m\n\u001b[2m      \u001b[2mat invokeEventListeners (\u001b[22m\u001b[2mnode_modules/jsdom/lib/jsdom/living/events/EventTarget-impl.js\u001b[2m:286:3)\u001b[22m\u001b[2m\u001b[22m\n\u001b[2m      \u001b[2mat HTMLUnknownElementImpl._dispatch (\u001b[22m\u001b[2mnode_modules/jsdom/lib/jsdom/living/events/EventTarget-impl.js\u001b[2m:233:9)\u001b[22m\u001b[2m\u001b[22m\n\u001b[2m      \u001b[2mat HTMLUnknownElementImpl.dispatchEvent (\u001b[22m\u001b[2mnode_modules/jsdom/lib/jsdom/living/events/EventTarget-impl.js\u001b[2m:104:17)\u001b[22m\u001b[2m\u001b[22m\n\u001b[2m      \u001b[2mat HTMLUnknownElement.dispatchEvent (\u001b[22m\u001b[2mnode_modules/jsdom/lib/jsdom/living/generated/EventTarget.js\u001b[2m:241:34)\u001b[22m\u001b[2m\u001b[22m\n\u001b[2m      \u001b[2mat Object.invokeGuardedCallbackDev (\u001b[22m\u001b[2mnode_modules/react-dom/cjs/react-dom.development.js\u001b[2m:3994:16)\u001b[22m\u001b[2m\u001b[22m\n\u001b[2m      \u001b[2mat invokeGuardedCallback (\u001b[22m\u001b[2mnode_modules/react-dom/cjs/react-dom.development.js\u001b[2m:4056:31)\u001b[22m\u001b[2m\u001b[22m\n\u001b[2m      \u001b[2mat beginWork$1 (\u001b[22m\u001b[2mnode_modules/react-dom/cjs/react-dom.development.js\u001b[2m:23964:7)\u001b[22m\u001b[2m\u001b[22m\n\u001b[2m      \u001b[2mat performUnitOfWork (\u001b[22m\u001b[2mnode_modules/react-dom/cjs/react-dom.development.js\u001b[2m:22779:12)\u001b[22m\u001b[2m\u001b[22m\n\u001b[2m      \u001b[2mat workLoopSync (\u001b[22m\u001b[2mnode_modules/react-dom/cjs/react-dom.development.js\u001b[2m:22707:5)\u001b[22m\u001b[2m\u001b[22m\n\u001b[2m      \u001b[2mat renderRootSync (\u001b[22m\u001b[2mnode_modules/react-dom/cjs/react-dom.development.js\u001b[2m:22670:7)\u001b[22m\u001b[2m\u001b[22m\n\u001b[2m      \u001b[2mat performSyncWorkOnRoot (\u001b[22m\u001b[2mnode_modules/react-dom/cjs/react-dom.development.js\u001b[2m:22293:18)\u001b[22m\u001b[2m\u001b[22m\n\u001b[2m      \u001b[2mat scheduleUpdateOnFiber (\u001b[22m\u001b[2mnode_modules/react-dom/cjs/react-dom.development.js\u001b[2m:21881:7)\u001b[22m\u001b[2m\u001b[22m\n\u001b[2m      \u001b[2mat updateContainer (\u001b[22m\u001b[2mnode_modules/react-dom/cjs/react-dom.development.js\u001b[2m:25482:3)\u001b[22m\u001b[2m\u001b[22m\n\u001b[2m      \u001b[2mat \u001b[22m\u001b[2mnode_modules/react-dom/cjs/react-dom.development.js\u001b[2m:26021:7\u001b[22m\u001b[2m\u001b[22m\n\u001b[2m      \u001b[2mat unbatchedUpdates (\u001b[22m\u001b[2mnode_modules/react-dom/cjs/react-dom.development.js\u001b[2m:22431:12)\u001b[22m\u001b[2m\u001b[22m\n\u001b[2m      \u001b[2mat legacyRenderSubtreeIntoContainer (\u001b[22m\u001b[2mnode_modules/react-dom/cjs/react-dom.development.js\u001b[2m:26020:5)\u001b[22m\u001b[2m\u001b[22m\n\u001b[2m      \u001b[2mat Object.render (\u001b[22m\u001b[2mnode_modules/react-dom/cjs/react-dom.development.js\u001b[2m:26103:10)\u001b[22m\u001b[2m\u001b[22m\n\u001b[2m      \u001b[2mat \u001b[22m\u001b[2mnode_modules/@testing-library/react/dist/pure.js\u001b[2m:101:25\u001b[22m\u001b[2m\u001b[22m\n\u001b[2m      \u001b[2mat batchedUpdates$1 (\u001b[22m\u001b[2mnode_modules/react-dom/cjs/react-dom.development.js\u001b[2m:22380:12)\u001b[22m\u001b[2m\u001b[22m\n\u001b[2m      \u001b[2mat act (\u001b[22m\u001b[2mnode_modules/react-dom/cjs/react-dom-test-utils.development.js\u001b[2m:1042:14)\u001b[22m\u001b[2m\u001b[22m\n\u001b[2m      \u001b[2mat render (\u001b[22m\u001b[2mnode_modules/@testing-library/react/dist/pure.js\u001b[2m:97:26)\u001b[22m\u001b[2m\u001b[22m\n\u001b[2m      \u001b[2mat Object.<anonymous> (\u001b[22m\u001b[2m\u001b[0m\u001b[36msrc/PartOfMps/CmpLlps/Actions.test.tsx\u001b[39m\u001b[0m\u001b[2m:146:34)\u001b[22m\u001b[2m\u001b[22m\n","name":"C:\\Projects\\TTMP\\tt-ui-ttmp\\src\\PartOfMps\\CmpLlps\\Actions.test.tsx","startTime":1743612056551,"status":"failed","summary":""},{"assertionResults":[{"ancestorTitles":["Actions Snapshot from haktan-test-generator"],"duration":131,"failureDetails":[{}],"failureMessages":["Error: FilterButton requires filters prop to be set\n    at FilterButton (C:\\Projects\\TTMP\\tt-ui-ttmp\\node_modules\\ra-ui-materialui\\lib\\list\\filter\\FilterButton.js:71:15)\n    at renderWithHooks (C:\\Projects\\TTMP\\tt-ui-ttmp\\node_modules\\react-dom\\cjs\\react-dom.development.js:14985:18)\n    at mountIndeterminateComponent (C:\\Projects\\TTMP\\tt-ui-ttmp\\node_modules\\react-dom\\cjs\\react-dom.development.js:17811:13)\n    at beginWork (C:\\Projects\\TTMP\\tt-ui-ttmp\\node_modules\\react-dom\\cjs\\react-dom.development.js:19049:16)\n    at HTMLUnknownElement.callCallback (C:\\Projects\\TTMP\\tt-ui-ttmp\\node_modules\\react-dom\\cjs\\react-dom.development.js:3945:14)\n    at HTMLUnknownElement.callTheUserObjectsOperation (C:\\Projects\\TTMP\\tt-ui-ttmp\\node_modules\\jsdom\\lib\\jsdom\\living\\generated\\EventListener.js:26:30)\n    at innerInvokeEventListeners (C:\\Projects\\TTMP\\tt-ui-ttmp\\node_modules\\jsdom\\lib\\jsdom\\living\\events\\EventTarget-impl.js:350:25)\n    at invokeEventListeners (C:\\Projects\\TTMP\\tt-ui-ttmp\\node_modules\\jsdom\\lib\\jsdom\\living\\events\\EventTarget-impl.js:286:3)\n    at HTMLUnknownElementImpl._dispatch (C:\\Projects\\TTMP\\tt-ui-ttmp\\node_modules\\jsdom\\lib\\jsdom\\living\\events\\EventTarget-impl.js:233:9)\n    at HTMLUnknownElementImpl.dispatchEvent (C:\\Projects\\TTMP\\tt-ui-ttmp\\node_modules\\jsdom\\lib\\jsdom\\living\\events\\EventTarget-impl.js:104:17)\n    at HTMLUnknownElement.dispatchEvent (C:\\Projects\\TTMP\\tt-ui-ttmp\\node_modules\\jsdom\\lib\\jsdom\\living\\generated\\EventTarget.js:241:34)\n    at Object.invokeGuardedCallbackDev (C:\\Projects\\TTMP\\tt-ui-ttmp\\node_modules\\react-dom\\cjs\\react-dom.development.js:3994:16)\n    at invokeGuardedCallback (C:\\Projects\\TTMP\\tt-ui-ttmp\\node_modules\\react-dom\\cjs\\react-dom.development.js:4056:31)\n    at beginWork$1 (C:\\Projects\\TTMP\\tt-ui-ttmp\\node_modules\\react-dom\\cjs\\react-dom.development.js:23964:7)\n    at performUnitOfWork (C:\\Projects\\TTMP\\tt-ui-ttmp\\node_modules\\react-dom\\cjs\\react-dom.development.js:22779:12)\n    at workLoopSync (C:\\Projects\\TTMP\\tt-ui-ttmp\\node_modules\\react-dom\\cjs\\react-dom.development.js:22707:5)\n    at renderRootSync (C:\\Projects\\TTMP\\tt-ui-ttmp\\node_modules\\react-dom\\cjs\\react-dom.development.js:22670:7)\n    at performSyncWorkOnRoot (C:\\Projects\\TTMP\\tt-ui-ttmp\\node_modules\\react-dom\\cjs\\react-dom.development.js:22293:18)\n    at scheduleUpdateOnFiber (C:\\Projects\\TTMP\\tt-ui-ttmp\\node_modules\\react-dom\\cjs\\react-dom.development.js:21881:7)\n    at updateContainer (C:\\Projects\\TTMP\\tt-ui-ttmp\\node_modules\\react-dom\\cjs\\react-dom.development.js:25482:3)\n    at C:\\Projects\\TTMP\\tt-ui-ttmp\\node_modules\\react-dom\\cjs\\react-dom.development.js:26021:7\n    at unbatchedUpdates (C:\\Projects\\TTMP\\tt-ui-ttmp\\node_modules\\react-dom\\cjs\\react-dom.development.js:22431:12)\n    at legacyRenderSubtreeIntoContainer (C:\\Projects\\TTMP\\tt-ui-ttmp\\node_modules\\react-dom\\cjs\\react-dom.development.js:26020:5)\n    at Object.render (C:\\Projects\\TTMP\\tt-ui-ttmp\\node_modules\\react-dom\\cjs\\react-dom.development.js:26103:10)\n    at C:\\Projects\\TTMP\\tt-ui-ttmp\\node_modules\\@testing-library\\react\\dist\\pure.js:101:25\n    at batchedUpdates$1 (C:\\Projects\\TTMP\\tt-ui-ttmp\\node_modules\\react-dom\\cjs\\react-dom.development.js:22380:12)\n    at act (C:\\Projects\\TTMP\\tt-ui-ttmp\\node_modules\\react-dom\\cjs\\react-dom-test-utils.development.js:1042:14)\n    at render (C:\\Projects\\TTMP\\tt-ui-ttmp\\node_modules\\@testing-library\\react\\dist\\pure.js:97:26)\n    at Object.<anonymous> (C:\\Projects\\TTMP\\tt-ui-ttmp\\src\\PartOfMps\\Appendix\\Actions.test.tsx:146:34)\n    at Promise.then.completed (C:\\Projects\\TTMP\\tt-ui-ttmp\\node_modules\\jest-circus\\build\\utils.js:298:28)\n    at new Promise (<anonymous>)\n    at callAsyncCircusFn (C:\\Projects\\TTMP\\tt-ui-ttmp\\node_modules\\jest-circus\\build\\utils.js:231:10)\n    at _callCircusTest (C:\\Projects\\TTMP\\tt-ui-ttmp\\node_modules\\jest-circus\\build\\run.js:316:40)\n    at processTicksAndRejections (node:internal/process/task_queues:95:5)\n    at _runTest (C:\\Projects\\TTMP\\tt-ui-ttmp\\node_modules\\jest-circus\\build\\run.js:252:3)\n    at _runTestsForDescribeBlock (C:\\Projects\\TTMP\\tt-ui-ttmp\\node_modules\\jest-circus\\build\\run.js:126:9)\n    at _runTestsForDescribeBlock (C:\\Projects\\TTMP\\tt-ui-ttmp\\node_modules\\jest-circus\\build\\run.js:121:9)\n    at run (C:\\Projects\\TTMP\\tt-ui-ttmp\\node_modules\\jest-circus\\build\\run.js:71:3)\n    at runAndTransformResultsToJestFormat (C:\\Projects\\TTMP\\tt-ui-ttmp\\node_modules\\jest-circus\\build\\legacy-code-todo-rewrite\\jestAdapterInit.js:122:21)\n    at jestAdapter (C:\\Projects\\TTMP\\tt-ui-ttmp\\node_modules\\jest-circus\\build\\legacy-code-todo-rewrite\\jestAdapter.js:79:19)\n    at runTestInternal (C:\\Projects\\TTMP\\tt-ui-ttmp\\node_modules\\jest-runner\\build\\runTest.js:367:16)\n    at runTest (C:\\Projects\\TTMP\\tt-ui-ttmp\\node_modules\\jest-runner\\build\\runTest.js:444:34)\n    at Object.worker (C:\\Projects\\TTMP\\tt-ui-ttmp\\node_modules\\jest-runner\\build\\testWorker.js:106:12)"],"fullName":"Actions Snapshot from haktan-test-generator should render correctly","invocations":1,"location":null,"numPassingAsserts":0,"retryReasons":[],"status":"failed","title":"should render correctly"}],"endTime":1743612058039,"message":"\u001b[1m\u001b[31m  \u001b[1m● \u001b[22m\u001b[1mActions Snapshot from haktan-test-generator › should render correctly\u001b[39m\u001b[22m\n\n    FilterButton requires filters prop to be set\n\u001b[2m\u001b[22m\n\u001b[2m    \u001b[0m \u001b[90m 144 |\u001b[39m   it(\u001b[32m\"should render correctly\"\u001b[39m\u001b[33m,\u001b[39m () \u001b[33m=>\u001b[39m {\u001b[22m\n\u001b[2m     \u001b[90m 145 |\u001b[39m\u001b[22m\n\u001b[2m    \u001b[31m\u001b[1m>\u001b[22m\u001b[2m\u001b[39m\u001b[90m 146 |\u001b[39m     \u001b[36mconst\u001b[39m { asFragment } \u001b[33m=\u001b[39m render(\u001b[22m\n\u001b[2m     \u001b[90m     |\u001b[39m                                  \u001b[31m\u001b[1m^\u001b[22m\u001b[2m\u001b[39m\u001b[22m\n\u001b[2m     \u001b[90m 147 |\u001b[39m \u001b[33m<\u001b[39m\u001b[33mThemeProvider\u001b[39m theme\u001b[33m=\u001b[39m{theme}\u001b[33m>\u001b[39m\u001b[22m\n\u001b[2m     \u001b[90m 148 |\u001b[39m \u001b[33m<\u001b[39m\u001b[33mAdminContext\u001b[39m dataProvider\u001b[33m=\u001b[39m{_dataProvider}\u001b[33m>\u001b[39m\u001b[22m\n\u001b[2m     \u001b[90m 149 |\u001b[39m \u001b[33m<\u001b[39m\u001b[33mActions\u001b[39m \u001b[33m/\u001b[39m\u001b[33m>\u001b[39m\u001b[0m\u001b[22m\n\u001b[2m\u001b[22m\n\u001b[2m      \u001b[2mat FilterButton (\u001b[22m\u001b[2mnode_modules/ra-ui-materialui/lib/list/filter/FilterButton.js\u001b[2m:71:15)\u001b[22m\u001b[2m\u001b[22m\n\u001b[2m      \u001b[2mat renderWithHooks (\u001b[22m\u001b[2mnode_modules/react-dom/cjs/react-dom.development.js\u001b[2m:14985:18)\u001b[22m\u001b[2m\u001b[22m\n\u001b[2m      \u001b[2mat mountIndeterminateComponent (\u001b[22m\u001b[2mnode_modules/react-dom/cjs/react-dom.development.js\u001b[2m:17811:13)\u001b[22m\u001b[2m\u001b[22m\n\u001b[2m      \u001b[2mat beginWork (\u001b[22m\u001b[2mnode_modules/react-dom/cjs/react-dom.development.js\u001b[2m:19049:16)\u001b[22m\u001b[2m\u001b[22m\n\u001b[2m      \u001b[2mat HTMLUnknownElement.callCallback (\u001b[22m\u001b[2mnode_modules/react-dom/cjs/react-dom.development.js\u001b[2m:3945:14)\u001b[22m\u001b[2m\u001b[22m\n\u001b[2m      \u001b[2mat HTMLUnknownElement.callTheUserObjectsOperation (\u001b[22m\u001b[2mnode_modules/jsdom/lib/jsdom/living/generated/EventListener.js\u001b[2m:26:30)\u001b[22m\u001b[2m\u001b[22m\n\u001b[2m      \u001b[2mat innerInvokeEventListeners (\u001b[22m\u001b[2mnode_modules/jsdom/lib/jsdom/living/events/EventTarget-impl.js\u001b[2m:350:25)\u001b[22m\u001b[2m\u001b[22m\n\u001b[2m      \u001b[2mat invokeEventListeners (\u001b[22m\u001b[2mnode_modules/jsdom/lib/jsdom/living/events/EventTarget-impl.js\u001b[2m:286:3)\u001b[22m\u001b[2m\u001b[22m\n\u001b[2m      \u001b[2mat HTMLUnknownElementImpl._dispatch (\u001b[22m\u001b[2mnode_modules/jsdom/lib/jsdom/living/events/EventTarget-impl.js\u001b[2m:233:9)\u001b[22m\u001b[2m\u001b[22m\n\u001b[2m      \u001b[2mat HTMLUnknownElementImpl.dispatchEvent (\u001b[22m\u001b[2mnode_modules/jsdom/lib/jsdom/living/events/EventTarget-impl.js\u001b[2m:104:17)\u001b[22m\u001b[2m\u001b[22m\n\u001b[2m      \u001b[2mat HTMLUnknownElement.dispatchEvent (\u001b[22m\u001b[2mnode_modules/jsdom/lib/jsdom/living/generated/EventTarget.js\u001b[2m:241:34)\u001b[22m\u001b[2m\u001b[22m\n\u001b[2m      \u001b[2mat Object.invokeGuardedCallbackDev (\u001b[22m\u001b[2mnode_modules/react-dom/cjs/react-dom.development.js\u001b[2m:3994:16)\u001b[22m\u001b[2m\u001b[22m\n\u001b[2m      \u001b[2mat invokeGuardedCallback (\u001b[22m\u001b[2mnode_modules/react-dom/cjs/react-dom.development.js\u001b[2m:4056:31)\u001b[22m\u001b[2m\u001b[22m\n\u001b[2m      \u001b[2mat beginWork$1 (\u001b[22m\u001b[2mnode_modules/react-dom/cjs/react-dom.development.js\u001b[2m:23964:7)\u001b[22m\u001b[2m\u001b[22m\n\u001b[2m      \u001b[2mat performUnitOfWork (\u001b[22m\u001b[2mnode_modules/react-dom/cjs/react-dom.development.js\u001b[2m:22779:12)\u001b[22m\u001b[2m\u001b[22m\n\u001b[2m      \u001b[2mat workLoopSync (\u001b[22m\u001b[2mnode_modules/react-dom/cjs/react-dom.development.js\u001b[2m:22707:5)\u001b[22m\u001b[2m\u001b[22m\n\u001b[2m      \u001b[2mat renderRootSync (\u001b[22m\u001b[2mnode_modules/react-dom/cjs/react-dom.development.js\u001b[2m:22670:7)\u001b[22m\u001b[2m\u001b[22m\n\u001b[2m      \u001b[2mat performSyncWorkOnRoot (\u001b[22m\u001b[2mnode_modules/react-dom/cjs/react-dom.development.js\u001b[2m:22293:18)\u001b[22m\u001b[2m\u001b[22m\n\u001b[2m      \u001b[2mat scheduleUpdateOnFiber (\u001b[22m\u001b[2mnode_modules/react-dom/cjs/react-dom.development.js\u001b[2m:21881:7)\u001b[22m\u001b[2m\u001b[22m\n\u001b[2m      \u001b[2mat updateContainer (\u001b[22m\u001b[2mnode_modules/react-dom/cjs/react-dom.development.js\u001b[2m:25482:3)\u001b[22m\u001b[2m\u001b[22m\n\u001b[2m      \u001b[2mat \u001b[22m\u001b[2mnode_modules/react-dom/cjs/react-dom.development.js\u001b[2m:26021:7\u001b[22m\u001b[2m\u001b[22m\n\u001b[2m      \u001b[2mat unbatchedUpdates (\u001b[22m\u001b[2mnode_modules/react-dom/cjs/react-dom.development.js\u001b[2m:22431:12)\u001b[22m\u001b[2m\u001b[22m\n\u001b[2m      \u001b[2mat legacyRenderSubtreeIntoContainer (\u001b[22m\u001b[2mnode_modules/react-dom/cjs/react-dom.development.js\u001b[2m:26020:5)\u001b[22m\u001b[2m\u001b[22m\n\u001b[2m      \u001b[2mat Object.render (\u001b[22m\u001b[2mnode_modules/react-dom/cjs/react-dom.development.js\u001b[2m:26103:10)\u001b[22m\u001b[2m\u001b[22m\n\u001b[2m      \u001b[2mat \u001b[22m\u001b[2mnode_modules/@testing-library/react/dist/pure.js\u001b[2m:101:25\u001b[22m\u001b[2m\u001b[22m\n\u001b[2m      \u001b[2mat batchedUpdates$1 (\u001b[22m\u001b[2mnode_modules/react-dom/cjs/react-dom.development.js\u001b[2m:22380:12)\u001b[22m\u001b[2m\u001b[22m\n\u001b[2m      \u001b[2mat act (\u001b[22m\u001b[2mnode_modules/react-dom/cjs/react-dom-test-utils.development.js\u001b[2m:1042:14)\u001b[22m\u001b[2m\u001b[22m\n\u001b[2m      \u001b[2mat render (\u001b[22m\u001b[2mnode_modules/@testing-library/react/dist/pure.js\u001b[2m:97:26)\u001b[22m\u001b[2m\u001b[22m\n\u001b[2m      \u001b[2mat Object.<anonymous> (\u001b[22m\u001b[2m\u001b[0m\u001b[36msrc/PartOfMps/Appendix/Actions.test.tsx\u001b[39m\u001b[0m\u001b[2m:146:34)\u001b[22m\u001b[2m\u001b[22m\n","name":"C:\\Projects\\TTMP\\tt-ui-ttmp\\src\\PartOfMps\\Appendix\\Actions.test.tsx","startTime":1743612056699,"status":"failed","summary":""},{"assertionResults":[{"ancestorTitles":["List Snapshot from haktan-test-generator"],"duration":55,"failureDetails":[{}],"failureMessages":["Error: Element type is invalid: expected a string (for built-in components) or a class/function (for composite components) but got: undefined. You likely forgot to export your component from the file it's defined in, or you might have mixed up default and named imports.\n\nCheck the render method of `AppendixList`.\n    at createFiberFromTypeAndProps (C:\\Projects\\TTMP\\tt-ui-ttmp\\node_modules\\react-dom\\cjs\\react-dom.development.js:25058:21)\n    at createFiberFromElement (C:\\Projects\\TTMP\\tt-ui-ttmp\\node_modules\\react-dom\\cjs\\react-dom.development.js:25086:15)\n    at reconcileSingleElement (C:\\Projects\\TTMP\\tt-ui-ttmp\\node_modules\\react-dom\\cjs\\react-dom.development.js:14052:23)\n    at reconcileChildFibers (C:\\Projects\\TTMP\\tt-ui-ttmp\\node_modules\\react-dom\\cjs\\react-dom.development.js:14112:35)\n    at reconcileChildren (C:\\Projects\\TTMP\\tt-ui-ttmp\\node_modules\\react-dom\\cjs\\react-dom.development.js:16990:28)\n    at mountIndeterminateComponent (C:\\Projects\\TTMP\\tt-ui-ttmp\\node_modules\\rea
[...]
 (\u001b[22m\u001b[2mnode_modules/react-dom/cjs/react-dom.development.js\u001b[2m:22431:12)\u001b[22m\u001b[2m\u001b[22m\n\u001b[2m      \u001b[2mat legacyRenderSubtreeIntoContainer (\u001b[22m\u001b[2mnode_modules/react-dom/cjs/react-dom.development.js\u001b[2m:26020:5)\u001b[22m\u001b[2m\u001b[22m\n\u001b[2m      \u001b[2mat Object.render (\u001b[22m\u001b[2mnode_modules/react-dom/cjs/react-dom.development.js\u001b[2m:26103:10)\u001b[22m\u001b[2m\u001b[22m\n\u001b[2m      \u001b[2mat \u001b[22m\u001b[2mnode_modules/@testing-library/react/dist/pure.js\u001b[2m:101:25\u001b[22m\u001b[2m\u001b[22m\n\u001b[2m      \u001b[2mat batchedUpdates$1 (\u001b[22m\u001b[2mnode_modules/react-dom/cjs/react-dom.development.js\u001b[2m:22380:12)\u001b[22m\u001b[2m\u001b[22m\n\u001b[2m      \u001b[2mat act (\u001b[22m\u001b[2mnode_modules/react-dom/cjs/react-dom-test-utils.development.js\u001b[2m:1042:14)\u001b[22m\u001b[2m\u001b[22m\n\u001b[2m      \u001b[2mat render (\u001b[22m\u001b[2mnode_modules/@testing-library/react/dist/pure.js\u001b[2m:97:26)\u001b[22m\u001b[2m\u001b[22m\n\u001b[2m      \u001b[2mat Object.<anonymous> (\u001b[22m\u001b[2m\u001b[0m\u001b[36msrc/PartOfMps/Mss/Index.test.tsx\u001b[39m\u001b[0m\u001b[2m:146:34)\u001b[22m\u001b[2m\u001b[22m\n","name":"C:\\Projects\\TTMP\\tt-ui-ttmp\\src\\PartOfMps\\Mss\\Index.test.tsx","startTime":1743612049478,"status":"failed","summary":""},{"assertionResults":[{"ancestorTitles":["Index Snapshot from haktan-test-generator"],"duration":173,"failureDetails":[],"failureMessages":[],"fullName":"Index Snapshot from haktan-test-generator should render correctly","invocations":1,"location":null,"numPassingAsserts":1,"retryReasons":[],"status":"passed","title":"should render correctly"}],"endTime":1743612070524,"message":"","name":"C:\\Projects\\TTMP\\tt-ui-ttmp\\src\\PartOfMps\\MsItems\\Index.test.tsx","startTime":1743612068991,"status":"passed","summary":""},{"assertionResults":[{"ancestorTitles":["HistoryList Snapshot from haktan-test-generator"],"duration":149,"failureDetails":[],"failureMessages":[],"fullName":"HistoryList Snapshot from haktan-test-generator should render correctly","invocations":1,"location":null,"numPassingAsserts":1,"retryReasons":[],"status":"passed","title":"should render correctly"}],"endTime":1743612070887,"message":"","name":"C:\\Projects\\TTMP\\tt-ui-ttmp\\src\\Admin\\PdfSetting\\HistoryList.test.tsx","startTime":1743612069340,"status":"passed","summary":""},{"assertionResults":[{"ancestorTitles":["CreatePdfAllButton Snapshot from haktan-test-generator"],"duration":76,"failureDetails":[],"failureMessages":[],"fullName":"CreatePdfAllButton Snapshot from haktan-test-generator should render correctly","invocations":1,"location":null,"numPassingAsserts":1,"retryReasons":[],"status":"passed","title":"should render correctly"}],"endTime":1743612071297,"message":"","name":"C:\\Projects\\TTMP\\tt-ui-ttmp\\src\\PartOfMps\\Mss\\CreatePdfAllButton.test.tsx","startTime":1743612069855,"status":"passed","summary":""},{"assertionResults":[{"ancestorTitles":["CustomPnChipField Snapshot from haktan-test-generator"],"duration":19,"failureDetails":[],"failureMessages":[],"fullName":"CustomPnChipField Snapshot from haktan-test-generator should render correctly","invocations":1,"location":null,"numPassingAsserts":1,"retryReasons":[],"status":"passed","title":"should render correctly"}],"endTime":1743612071538,"message":"","name":"C:\\Projects\\TTMP\\tt-ui-ttmp\\src\\PartOfMps\\CmpLlps\\CustomPnChipField.test.tsx","startTime":1743612068422,"status":"passed","summary":""},{"assertionResults":[{"ancestorTitles":["CreatePdfSqt Snapshot from haktan-test-generator"],"duration":26,"failureDetails":[],"failureMessages":[],"fullName":"CreatePdfSqt Snapshot from haktan-test-generator should render correctly","invocations":1,"location":null,"numPassingAsserts":1,"retryReasons":[],"status":"passed","title":"should render correctly"}],"endTime":1743612071973,"message":"","name":"C:\\Projects\\TTMP\\tt-ui-ttmp\\src\\PartOfMps\\CmpLlps\\CreatePdfSqt.test.tsx","startTime":1743612070605,"status":"passed","summary":""},{"assertionResults":[{"ancestorTitles":["Actions Snapshot from haktan-test-generator"],"duration":37,"failureDetails":[],"failureMessages":[],"fullName":"Actions Snapshot from haktan-test-generator should render correctly","invocations":1,"location":null,"numPassingAsserts":1,"retryReasons":[],"status":"passed","title":"should render correctly"}],"endTime":1743612072266,"message":"","name":"C:\\Projects\\TTMP\\tt-ui-ttmp\\src\\FleetTypes\\Actions.test.tsx","startTime":1743612070947,"status":"passed","summary":""},{"assertionResults":[{"ancestorTitles":["CreatePdfButtonSoc1 Snapshot from haktan-test-generator"],"duration":29,"failureDetails":[],"failureMessages":[],"fullName":"CreatePdfButtonSoc1 Snapshot from haktan-test-generator should render correctly","invocations":1,"location":null,"numPassingAsserts":1,"retryReasons":[],"status":"passed","title":"should render correctly"}],"endTime":1743612072587,"message":"","name":"C:\\Projects\\TTMP\\tt-ui-ttmp\\src\\PartOfMps\\Mss\\CreatePdfButtonSoc1.test.tsx","startTime":1743612071328,"status":"passed","summary":""},{"assertionResults":[{"ancestorTitles":["Actions Snapshot from haktan-test-generator"],"duration":64,"failureDetails":[],"failureMessages":[],"fullName":"Actions Snapshot from haktan-test-generator should render correctly","invocations":1,"location":null,"numPassingAsserts":1,"retryReasons":[],"status":"passed","title":"should render correctly"}],"endTime":1743612072915,"message":"","name":"C:\\Projects\\TTMP\\tt-ui-ttmp\\src\\PartOfMps\\CmpLlpItems\\Actions.test.tsx","startTime":1743612071581,"status":"passed","summary":""},{"assertionResults":[{"ancestorTitles":["CreaatePdfButtonAppendix Snapshot from haktan-test-generator"],"duration":24,"failureDetails":[],"failureMessages":[],"fullName":"CreaatePdfButtonAppendix Snapshot from haktan-test-generator should render correctly","invocations":1,"location":null,"numPassingAsserts":1,"retryReasons":[],"status":"passed","title":"should render correctly"}],"endTime":1743612073258,"message":"","name":"C:\\Projects\\TTMP\\tt-ui-ttmp\\src\\PartOfMps\\Appendix\\CreaatePdfButtonAppendix.test.tsx","startTime":1743612072003,"status":"passed","summary":""},{"assertionResults":[{"ancestorTitles":["CreatePdfButtonSoc2 Snapshot from haktan-test-generator"],"duration":26,"failureDetails":[],"failureMessages":[],"fullName":"CreatePdfButtonSoc2 Snapshot from haktan-test-generator should render correctly","invocations":1,"location":null,"numPassingAsserts":1,"retryReasons":[],"status":"passed","title":"should render correctly"}],"endTime":1743612073486,"message":"","name":"C:\\Projects\\TTMP\\tt-ui-ttmp\\src\\PartOfMps\\CmpLlps\\CreatePdfButtonSoc2.test.tsx","startTime":1743612072300,"status":"passed","summary":""},{"assertionResults":[{"ancestorTitles":["CreatePdfButtonSoc2 Snapshot from haktan-test-generator"],"duration":59,"failureDetails":[],"failureMessages":[],"fullName":"CreatePdfButtonSoc2 Snapshot from haktan-test-generator should render correctly","invocations":1,"location":null,"numPassingAsserts":1,"retryReasons":[],"status":"passed","title":"should render correctly"}],"endTime":1743612073904,"message":"","name":"C:\\Projects\\TTMP\\tt-ui-ttmp\\src\\PartOfMps\\Mss\\CreatePdfButtonSoc2.test.tsx","startTime":1743612072625,"status":"passed","summary":""},{"assertionResults":[{"ancestorTitles":["CreatePdfCoverButton Snapshot from haktan-test-generator"],"duration":32,"failureDetails":[],"failureMessages":[],"fullName":"CreatePdfCoverButton Snapshot from haktan-test-generator should render correctly","invocations":1,"location":null,"numPassingAsserts":1,"retryReasons":[],"status":"passed","title":"should render correctly"}],"endTime":1743612074239,"message":"","name":"C:\\Projects\\TTMP\\tt-ui-ttmp\\src\\PartOfMps\\CmpLlps\\CreatePdfCoverButton.test.tsx","startTime":1743612072949,"status":"passed","summary":""},{"assertionResults":[{"ancestorTitles":["CustomField Snapshot from haktan-test-generator"],"duration":7,"failureDetails":[],"failureMessages":[],"fullName":"CustomField Snapshot from haktan-test-generator should render correctly","invocations":1,"location":null,"numPassingAsserts":1,"retryReasons":[],"status":"passed","title":"should render correctly"}],"endTime":1743612074539,"message":"","name":"C:\\Projects\\TTMP\\tt-ui-ttmp\\src\\PartOfMps\\CmpLlps\\CustomField.test.tsx","startTime":1743612073292,"status":"passed","summary":""},{"assertionResults":[{"ancestorTitles":["Actions Snapshot from haktan-test-generator"],"duration":33,"failureDetails":[],"failureMessages":[],"fullName":"Actions Snapshot from haktan-test-generator should render correctly","invocations":1,"location":null,"numPassingAsserts":1,"retryReasons":[],"status":"passed","title":"should render correctly"}],"endTime":1743612074804,"message":"","name":"C:\\Projects\\TTMP\\tt-ui-ttmp\\src\\PartOfMps\\MsItems\\Actions.test.tsx","startTime":1743612073548,"status":"passed","summary":""},{"assertionResults":[{"ancestorTitles":["QuickCreateButton Snapshot from haktan-test-generator"],"duration":39,"failureDetails":[],"failureMessages":[],"fullName":"QuickCreateButton Snapshot from haktan-test-generator should render correctly","invocations":1,"location":null,"numPassingAsserts":1,"retryReasons":[],"status":"passed","title":"should render correctly"}],"endTime":1743612075262,"message":"","name":"C:\\Projects\\TTMP\\tt-ui-ttmp\\src\\PartOfMps\\MsItems\\QuickCreateButton.test.tsx","startTime":1743612073934,"status":"passed","summary":""},{"assertionResults":[{"ancestorTitles":["Waiting-action Snapshot from haktan-test-generator"],"duration":89,"failureDetails":[],"failureMessages":[],"fullName":"Waiting-action Snapshot from haktan-test-generator should render correctly","invocations":1,"location":null,"numPassingAsserts":1,"retryReasons":[],"status":"passed","title":"should render correctly"}],"endTime":1743612075648,"message":"","name":"C:\\Projects\\TTMP\\tt-ui-ttmp\\src\\components\\svg\\waiting-action.test.tsx","startTime":1743612074275,"status":"passed","summary":""},{"assertionResults":[{"ancestorTitles":["CreatePdfButtonAll Snapshot from haktan-test-generator"],"duration":28,"failureDetails":[],"failureMessages":[],"fullName":"CreatePdfButtonAll Snapshot from haktan-test-generator should render correctly","invocations":1,"location":null,"numPassingAsserts":1,"retryReasons":[],"status":"passed","title":"should render correctly"}],"endTime":1743612076087,"message":"","name":"C:\\Projects\\TTMP\\tt-ui-ttmp\\src\\PartOfMps\\CmpLlps\\CreatePdfButtonAll.test.tsx","startTime":1743612074567,"status":"passed","summary":""},{"assertionResults":[{"ancestorTitles":["CreatePdfIntroduction Snapshot from haktan-test-generator"],"duration":83,"failureDetails":[],"failureMessages":[],"fullName":"CreatePdfIntroduction Snapshot from haktan-test-generator should render correctly","invocations":1,"location":null,"numPassingAsserts":1,"retryReasons":[],"status":"passed","title":"should render correctly"}],"endTime":1743612076294,"message":"","name":"C:\\Projects\\TTMP\\tt-ui-ttmp\\src\\PartOfMps\\CmpLlps\\CreatePdfIntroduction.test.tsx","startTime":1743612074832,"status":"passed","summary":""},{"assertionResults":[{"ancestorTitles":["CreatePdfButton Snapshot from haktan-test-generator"],"duration":31,"failureDetails":[],"failureMessages":[],"fullName":"CreatePdfButton Snapshot from haktan-test-generator should render correctly","invocations":1,"location":null,"numPassingAsserts":1,"retryReasons":[],"status":"passed","title":"should render correctly"}],"endTime":1743612076737,"message":"","name":"C:\\Projects\\TTMP\\tt-ui-ttmp\\src\\PartOfMps\\Mss\\CreatePdfButton.test.tsx","startTime":1743612075298,"status":"passed","summary":""},{"assertionResults":[{"ancestorTitles":["QuickEditButton Snapshot from haktan-test-generator"],"duration":30,"failureDetails":[],"failureMessages":[],"fullName":"QuickEditButton Snapshot from haktan-test-generator should render correctly","invocations":1,"location":null,"numPassingAsserts":1,"retryReasons":[],"status":"passed","title":"should render correctly"}],"endTime":1743612077150,"message":"","name":"C:\\Projects\\TTMP\\tt-ui-ttmp\\src\\PartOfMps\\CmpLlpItems\\QuickEditButton.test.tsx","startTime":1743612075688,"status":"passed","summary":""},{"assertionResults":[{"ancestorTitles":["CreatePdfButtonSqt Snapshot from haktan-test-generator"],"duration":24,"failureDetails":[],"failureMessages":[],"fullName":"CreatePdfButtonSqt Snapshot from haktan-test-generator should render correctly","invocations":1,"location":null,"numPassingAsserts":1,"retryReasons":[],"status":"passed","title":"should render correctly"}],"endTime":1743612077433,"message":"","name":"C:\\Projects\\TTMP\\tt-ui-ttmp\\src\\PartOfMps\\CmpLlps\\CreatePdfButtonSqt.test.tsx","startTime":1743612076117,"status":"passed","summary":""},{"assertionResults":[{"ancestorTitles":["CreatePdfButtonSoc1 Snapshot from haktan-test-generator"],"duration":23,"failureDetails":[],"failureMessages":[],"fullName":"CreatePdfButtonSoc1 Snapshot from haktan-test-generator should render correctly","invocations":1,"location":null,"numPassingAsserts":1,"retryReasons":[],"status":"passed","title":"should render correctly"}],"endTime":1743612077551,"message":"","name":"C:\\Projects\\TTMP\\tt-ui-ttmp\\src\\PartOfMps\\CmpLlps\\CreatePdfButtonSoc1.test.tsx","startTime":1743612076324,"status":"passed","summary":""},{"assertionResults":[{"ancestorTitles":["TraxControlButton Snapshot from haktan-test-generator"],"duration":78,"failureDetails":[],"failureMessages":[],"fullName":"TraxControlButton Snapshot from haktan-test-generator should render correctly","invocations":1,"location":null,"numPassingAsserts":1,"retryReasons":[],"status":"passed","title":"should render correctly"}],"endTime":1743612077629,"message":"","name":"C:\\Projects\\TTMP\\tt-ui-ttmp\\src\\PartOfMps\\Mss\\TraxControlButton.test.tsx","startTime":1743612062304,"status":"passed","summary":""},{"assertionResults":[{"ancestorTitles":["CreatePdfButtonNoneSqt Snapshot from haktan-test-generator"],"duration":23,"failureDetails":[],"failureMessages":[],"fullName":"CreatePdfButtonNoneSqt Snapshot from haktan-test-generator should render correctly","invocations":1,"location":null,"numPassingAsserts":1,"retryReasons":[],"status":"passed","title":"should render correctly"}],"endTime":1743612078027,"message":"","name":"C:\\Projects\\TTMP\\tt-ui-ttmp\\src\\PartOfMps\\CmpLlps\\CreatePdfButtonNoneSqt.test.tsx","startTime":1743612076766,"status":"passed","summary":""},{"assertionResults":[{"ancestorTitles":["MsItemList Snapshot from haktan-test-generator"],"duration":9,"failureDetails":[],"failureMessages":[],"fullName":"MsItemList Snapshot from haktan-test-generator should render correctly","invocations":1,"location":null,"numPassingAsserts":1,"retryReasons":[],"status":"passed","title":"should render correctly"}],"endTime":1743612078437,"message":"","name":"C:\\Projects\\TTMP\\tt-ui-ttmp\\src\\PartOfMps\\Mss\\MsItemList.test.tsx","startTime":1743612077193,"status":"passed","summary":""},{"assertionResults":[{"ancestorTitles":["CreatePdfTableOfContent Snapshot from haktan-test-generator"],"duration":23,"failureDetails":[],"failureMessages":[],"fullName":"CreatePdfTableOfContent Snapshot from haktan-test-generator should render correctly","invocations":1,"location":null,"numPassingAsserts":1,"retryReasons":[],"status":"passed","title":"should render correctly"}],"endTime":1743612078709,"message":"","name":"C:\\Projects\\TTMP\\tt-ui-ttmp\\src\\PartOfMps\\CmpLlps\\CreatePdfTableOfContent.test.tsx","startTime":1743612077466,"status":"passed","summary":""},{"assertionResults":[{"ancestorTitles":["CustomThyLogo Snapshot from haktan-test-generator"],"duration":13,"failureDetails":[],"failureMessages":[],"fullName":"CustomThyLogo Snapshot from haktan-test-generator should render correctly","invocations":1,"location":null,"numPassingAsserts":1,"retryReasons":[],"status":"passed","title":"should render correctly"}],"endTime":1743612078810,"message":"","name":"C:\\Projects\\TTMP\\tt-ui-ttmp\\src\\customThyLogo.test.tsx","startTime":1743612077577,"status":"passed","summary":""},{"assertionResults":[{"ancestorTitles":["CreatePdfButton Snapshot from haktan-test-generator"],"duration":44,"failureDetails":[],"failureMessages":[],"fullName":"CreatePdfButton Snapshot from haktan-test-generator should render correctly","invocations":1,"location":null,"numPassingAsserts":1,"retryReasons":[],"status":"passed","title":"should render correctly"}],"endTime":1743612079012,"message":"","name":"C:\\Projects\\TTMP\\tt-ui-ttmp\\src\\PartOfMps\\CmpLlps\\CreatePdfButton.test.tsx","startTime":1743612077664,"status":"passed","summary":""},{"assertionResults":[{"ancestorTitles":["QuickCreateButton Snapshot from haktan-test-generator"],"duration":40,"failureDetails":[],"failureMessages":[],"fullName":"QuickCreateButton Snapshot from haktan-test-generator should render correctly","invocations":1,"location":null,"numPassingAsserts":1,"retryReasons":[],"status":"passed","title":"should render correctly"}],"endTime":1743612079395,"message":"","name":"C:\\Projects\\TTMP\\tt-ui-ttmp\\src\\PartOfMps\\CmpLlpItems\\QuickCreateButton.test.tsx","startTime":1743612078063,"status":"passed","summary":""},{"assertionResults":[],"coverage":{},"endTime":1743612085784,"message":"  \u001b[1m● \u001b[22mTest suite failed to run\n\n    Invalid hook call. Hooks can only be called inside of the body of a function component. This could happen for one of the following reasons:\n    1. You might have mismatching versions of React and the renderer (such as React DOM)\n    2. You might be breaking the Rules of Hooks\n    3. You might have more than one copy of React in the same app\n    See https://reactjs.org/link/invalid-hook-call for tips about how to debug and fix this problem.\n\n    \u001b[0m \u001b[90m 104 |\u001b[39m\n     \u001b[90m 105 |\u001b[39m describe(\u001b[32m\"MssList Snapshot from haktan-test-generator\"\u001b[39m\u001b[33m,\u001b[39m () \u001b[33m=>\u001b[39m {\n    \u001b[31m\u001b[1m>\u001b[22m\u001b[39m\u001b[90m 106 |\u001b[39m   \u001b[36mconst\u001b[39m _dataProvider \u001b[33m=\u001b[39m useDataProvider()\u001b[33m;\u001b[39m\n     \u001b[90m     |\u001b[39m                                        \u001b[31m\u001b[1m^\u001b[22m\u001b[39m\n     \u001b[90m 107 |\u001b[39m   it(\u001b[32m\"should render correctly\"\u001b[39m\u001b[33m,\u001b[39m () \u001b[33m=>\u001b[39m {\n     \u001b[90m 108 |\u001b[39m     \u001b[36mconst\u001b[39m { asFragment } \u001b[33m=\u001b[39m render(\n     \u001b[90m 109 |\u001b[39m       \u001b[33m<\u001b[39m\u001b[33mThemeProvider\u001b[39m theme\u001b[33m=\u001b[39m{theme}\u001b[33m>\u001b[39m\u001b[0m\n\n      \u001b[2mat resolveDispatcher (\u001b[22mnode_modules/react/cjs/react.development.js\u001b[2m:1476:13)\u001b[22m\n      \u001b[2mat useContext (\u001b[22mnode_modules/react/cjs/react.development.js\u001b[2m:1484:20)\u001b[22m\n      \u001b[2mat useReduxContext (\u001b[22mnode_modules/react-redux/lib/hooks/useReduxContext.js\u001b[2m:27:44)\u001b[22m\n      \u001b[2mat useStore (\u001b[22mnode_modules/react-redux/lib/hooks/useStore.js\u001b[2m:28:28)\u001b[22m\n      \u001b[2mat useDispatch (\u001b[22mnode_modules/react-redux/lib/hooks/useDispatch.js\u001b[2m:24:17)\u001b[22m\n      \u001b[2mat useDataProvider (\u001b[22mnode_modules/ra-core/lib/dataProvider/useDataProvider.js\u001b[2m:114:50)\u001b[22m\n      \u001b[2mat \u001b[22m\u001b[0m\u001b[36msrc/PartOfMps/Mss/List.test.tsx\u001b[39m\u001b[0m\u001b[2m:106:40\u001b[22m\n      \u001b[2mat Object.describe (\u001b[22m\u001b[0m\u001b[36msrc/PartOfMps/Mss/List.test.tsx\u001b[39m\u001b[0m\u001b[2m:105:1)\u001b[22m\n","name":"C:\\Projects\\TTMP\\tt-ui-ttmp\\src\\PartOfMps\\Mss\\List.test.tsx","startTime":1743612085784,"status":"failed","summary":""}],"wasInterrupted":false}
